<?xml version="1.0" encoding="UTF-8"?>
<coverage generated="1788547452928" clover="3.2.0">
  <project timestamp="1788547452928" name="All files">
    <metrics statements="267" coveredstatements="240" conditionals="187" coveredconditionals="157" methods="106" coveredmethods="91" elements="560" coveredelements="488" complexity="0" loc="267" ncloc="267" packages="10" files="27" classes="27"/>
    <package name="Exercise">
      <metrics statements="75" coveredstatements="67" conditionals="30" coveredconditionals="25" methods="34" coveredmethods="28"/>
      <file name="Exercise.module.css" path="C:\Users\zaida\Desktop\Umuzi capstone\Capstone 3\react-fitness-tracker-theZoid9\fitness-tracker\src\components\Exercise\Exercise.module.css">
        <metrics statements="0" coveredstatements="0" conditionals="0" coveredconditionals="0" methods="0" coveredmethods="0"/>
      </file>
      <file name="ExerciseCard.jsx" path="C:\Users\zaida\Desktop\Umuzi capstone\Capstone 3\react-fitness-tracker-theZoid9\fitness-tracker\src\components\Exercise\ExerciseCard.jsx">
        <metrics statements="15" coveredstatements="13" conditionals="6" coveredconditionals="5" methods="9" coveredmethods="7"/>
        <line num="6" count="1" type="stmt"/>
        <line num="16" count="1" type="stmt"/>
        <line num="22" count="7" type="stmt"/>
        <line num="27" count="7" type="stmt"/>
        <line num="31" count="1" type="stmt"/>
        <line num="36" count="1" type="stmt"/>
        <line num="39" count="7" type="stmt"/>
        <line num="100" count="1" type="stmt"/>
        <line num="109" count="1" type="stmt"/>
        <line num="124" count="0" type="stmt"/>
        <line num="131" count="1" type="stmt"/>
        <line num="138" count="0" type="stmt"/>
        <line num="158" count="7" type="stmt"/>
        <line num="162" count="1" type="stmt"/>
        <line num="180" count="1" type="stmt"/>
      </file>
      <file name="ExerciseDetail.jsx" path="C:\Users\zaida\Desktop\Umuzi capstone\Capstone 3\react-fitness-tracker-theZoid9\fitness-tracker\src\components\Exercise\ExerciseDetail.jsx">
        <metrics statements="28" coveredstatements="28" conditionals="13" coveredconditionals="11" methods="12" coveredmethods="12"/>
        <line num="10" count="1" type="stmt"/>
        <line num="11" count="31" type="stmt"/>
        <line num="12" count="31" type="stmt"/>
        <line num="14" count="31" type="stmt"/>
        <line num="16" count="31" type="stmt"/>
        <line num="17" count="16" type="stmt"/>
        <line num="18" count="15" type="stmt"/>
        <line num="21" count="16" type="stmt"/>
        <line num="25" count="31" type="stmt"/>
        <line num="26" count="59" type="stmt"/>
        <line num="30" count="31" type="cond" truecount="2" falsecount="0"/>
        <line num="31" count="16" type="stmt"/>
        <line num="39" count="15" type="cond" truecount="2" falsecount="0"/>
        <line num="40" count="2" type="stmt"/>
        <line num="50" count="1" type="stmt"/>
        <line num="71" count="13" type="stmt"/>
        <line num="74" count="13" type="stmt"/>
        <line num="75" count="23" type="stmt"/>
        <line num="79" count="13" type="stmt"/>
        <line num="80" count="1" type="cond" truecount="1" falsecount="1"/>
        <line num="81" count="1" type="stmt"/>
        <line num="88" count="13" type="stmt"/>
        <line num="89" count="1" type="cond" truecount="1" falsecount="1"/>
        <line num="90" count="1" type="stmt"/>
        <line num="96" count="13" type="stmt"/>
        <line num="102" count="1" type="stmt"/>
        <line num="203" count="46" type="stmt"/>
        <line num="254" count="1" type="stmt"/>
      </file>
      <file name="ExerciseList.jsx" path="C:\Users\zaida\Desktop\Umuzi capstone\Capstone 3\react-fitness-tracker-theZoid9\fitness-tracker\src\components\Exercise\ExerciseList.jsx">
        <metrics statements="32" coveredstatements="26" conditionals="11" coveredconditionals="9" methods="13" coveredmethods="9"/>
        <line num="16" count="1" type="stmt"/>
        <line num="23" count="9" type="stmt"/>
        <line num="25" count="9" type="stmt"/>
        <line num="28" count="9" type="stmt"/>
        <line num="31" count="9" type="stmt"/>
        <line num="33" count="9" type="stmt"/>
        <line num="36" count="9" type="stmt"/>
        <line num="41" count="9" type="stmt"/>
        <line num="42" count="14" type="stmt"/>
        <line num="48" count="9" type="stmt"/>
        <line num="53" count="9" type="stmt"/>
        <line num="58" count="9" type="stmt"/>
        <line num="66" count="9" type="stmt"/>
        <line num="67" count="0" type="stmt"/>
        <line num="68" count="0" type="stmt"/>
        <line num="73" count="9" type="stmt"/>
        <line num="86" count="9" type="stmt"/>
        <line num="95" count="9" type="stmt"/>
        <line num="96" count="1" type="stmt"/>
        <line num="98" count="1" type="cond" truecount="1" falsecount="1"/>
        <line num="99" count="1" type="stmt"/>
        <line num="100" count="1" type="cond" truecount="1" falsecount="1"/>
        <line num="103" count="0" type="stmt"/>
        <line num="104" count="0" type="stmt"/>
        <line num="108" count="9" type="stmt"/>
        <line num="127" count="0" type="stmt"/>
        <line num="136" count="7" type="stmt"/>
        <line num="146" count="1" type="stmt"/>
        <line num="155" count="14" type="stmt"/>
        <line num="165" count="0" type="stmt"/>
        <line num="174" count="14" type="stmt"/>
        <line num="225" count="12" type="stmt"/>
      </file>
    </package>
    <package name="Media">
      <metrics statements="6" coveredstatements="6" conditionals="10" coveredconditionals="9" methods="2" coveredmethods="2"/>
      <file name="AudioPlayer.jsx" path="C:\Users\zaida\Desktop\Umuzi capstone\Capstone 3\react-fitness-tracker-theZoid9\fitness-tracker\src\components\Media\AudioPlayer.jsx">
        <metrics statements="3" coveredstatements="3" conditionals="4" coveredconditionals="4" methods="1" coveredmethods="1"/>
        <line num="8" count="1" type="stmt"/>
        <line num="9" count="4" type="stmt"/>
        <line num="24" count="1" type="stmt"/>
      </file>
      <file name="Media.module.css" path="C:\Users\zaida\Desktop\Umuzi capstone\Capstone 3\react-fitness-tracker-theZoid9\fitness-tracker\src\components\Media\Media.module.css">
        <metrics statements="0" coveredstatements="0" conditionals="0" coveredconditionals="0" methods="0" coveredmethods="0"/>
      </file>
      <file name="VideoPlayer.jsx" path="C:\Users\zaida\Desktop\Umuzi capstone\Capstone 3\react-fitness-tracker-theZoid9\fitness-tracker\src\components\Media\VideoPlayer.jsx">
        <metrics statements="3" coveredstatements="3" conditionals="6" coveredconditionals="5" methods="1" coveredmethods="1"/>
        <line num="5" count="1" type="stmt"/>
        <line num="6" count="3" type="stmt"/>
        <line num="34" count="1" type="stmt"/>
      </file>
    </package>
    <package name="Navigation">
      <metrics statements="13" coveredstatements="13" conditionals="8" coveredconditionals="8" methods="6" coveredmethods="6"/>
      <file name="NavBar.module.css" path="C:\Users\zaida\Desktop\Umuzi capstone\Capstone 3\react-fitness-tracker-theZoid9\fitness-tracker\src\components\Navigation\NavBar.module.css">
        <metrics statements="0" coveredstatements="0" conditionals="0" coveredconditionals="0" methods="0" coveredmethods="0"/>
      </file>
      <file name="Navbar.jsx" path="C:\Users\zaida\Desktop\Umuzi capstone\Capstone 3\react-fitness-tracker-theZoid9\fitness-tracker\src\components\Navigation\Navbar.jsx">
        <metrics statements="13" coveredstatements="13" conditionals="8" coveredconditionals="8" methods="6" coveredmethods="6"/>
        <line num="10" count="3" type="stmt"/>
        <line num="11" count="20" type="stmt"/>
        <line num="12" count="20" type="stmt"/>
        <line num="15" count="20" type="stmt"/>
        <line num="24" count="20" type="stmt"/>
        <line num="25" count="3" type="stmt"/>
        <line num="29" count="20" type="stmt"/>
        <line num="30" count="4" type="stmt"/>
        <line num="34" count="20" type="stmt"/>
        <line num="35" count="100" type="cond" truecount="2" falsecount="0"/>
        <line num="36" count="80" type="stmt"/>
        <line num="39" count="20" type="stmt"/>
        <line num="60" count="100" type="stmt"/>
      </file>
    </package>
    <package name="UI">
      <metrics statements="7" coveredstatements="7" conditionals="19" coveredconditionals="18" methods="3" coveredmethods="3"/>
      <file name="Button.jsx" path="C:\Users\zaida\Desktop\Umuzi capstone\Capstone 3\react-fitness-tracker-theZoid9\fitness-tracker\src\components\UI\Button.jsx">
        <metrics statements="3" coveredstatements="3" conditionals="5" coveredconditionals="5" methods="1" coveredmethods="1"/>
        <line num="8" count="4" type="stmt"/>
        <line num="18" count="27" type="stmt"/>
        <line num="31" count="4" type="stmt"/>
      </file>
      <file name="Card.jsx" path="C:\Users\zaida\Desktop\Umuzi capstone\Capstone 3\react-fitness-tracker-theZoid9\fitness-tracker\src\components\UI\Card.jsx">
        <metrics statements="4" coveredstatements="4" conditionals="14" coveredconditionals="13" methods="2" coveredmethods="2"/>
        <line num="8" count="3" type="cond" truecount="2" falsecount="0"/>
        <line num="9" count="47" type="stmt"/>
        <line num="16" count="1" type="cond" truecount="4" falsecount="0"/>
        <line num="24" count="3" type="stmt"/>
      </file>
      <file name="UI.module.css" path="C:\Users\zaida\Desktop\Umuzi capstone\Capstone 3\react-fitness-tracker-theZoid9\fitness-tracker\src\components\UI\UI.module.css">
        <metrics statements="0" coveredstatements="0" conditionals="0" coveredconditionals="0" methods="0" coveredmethods="0"/>
      </file>
    </package>
    <package name="WorkoutLog">
      <metrics statements="52" coveredstatements="42" conditionals="22" coveredconditionals="17" methods="15" coveredmethods="12"/>
      <file name="LogEntry.jsx" path="C:\Users\zaida\Desktop\Umuzi capstone\Capstone 3\react-fitness-tracker-theZoid9\fitness-tracker\src\components\WorkoutLog\LogEntry.jsx">
        <metrics statements="5" coveredstatements="4" conditionals="0" coveredconditionals="0" methods="2" coveredmethods="1"/>
        <line num="9" count="1" type="stmt"/>
        <line num="10" count="2" type="stmt"/>
        <line num="12" count="2" type="stmt"/>
        <line num="24" count="0" type="stmt"/>
        <line num="36" count="1" type="stmt"/>
      </file>
      <file name="WorkoutLog.jsx" path="C:\Users\zaida\Desktop\Umuzi capstone\Capstone 3\react-fitness-tracker-theZoid9\fitness-tracker\src\components\WorkoutLog\WorkoutLog.jsx">
        <metrics statements="47" coveredstatements="38" conditionals="22" coveredconditionals="17" methods="13" coveredmethods="11"/>
        <line num="14" count="1" type="cond" truecount="2" falsecount="0"/>
        <line num="18" count="18" type="stmt"/>
        <line num="19" count="18" type="stmt"/>
        <line num="20" count="18" type="stmt"/>
        <line num="21" count="18" type="stmt"/>
        <line num="22" count="18" type="stmt"/>
        <line num="25" count="18" type="stmt"/>
        <line num="26" count="4" type="stmt"/>
        <line num="27" count="4" type="cond" truecount="1" falsecount="1"/>
        <line num="28" count="0" type="stmt"/>
        <line num="29" count="0" type="stmt"/>
        <line num="37" count="18" type="stmt"/>
        <line num="38" count="7" type="stmt"/>
        <line num="42" count="18" type="stmt"/>
        <line num="43" count="3" type="stmt"/>
        <line num="44" count="3" type="stmt"/>
        <line num="46" count="3" type="cond" truecount="2" falsecount="0"/>
        <line num="47" count="1" type="stmt"/>
        <line num="48" count="1" type="stmt"/>
        <line num="51" count="2" type="stmt"/>
        <line num="52" count="2" type="stmt"/>
        <line num="53" count="2" type="cond" truecount="1" falsecount="1"/>
        <line num="55" count="3" type="cond" truecount="3" falsecount="1"/>
        <line num="56" count="0" type="stmt"/>
        <line num="57" count="0" type="stmt"/>
        <line num="59" count="2" type="cond" truecount="3" falsecount="1"/>
        <line num="60" count="0" type="stmt"/>
        <line num="61" count="0" type="stmt"/>
        <line num="64" count="3" type="stmt"/>
        <line num="65" count="2" type="cond" truecount="1" falsecount="1"/>
        <line num="66" count="0" type="stmt"/>
        <line num="67" count="0" type="stmt"/>
        <line num="70" count="2" type="stmt"/>
        <line num="81" count="2" type="stmt"/>
        <line num="84" count="2" type="stmt"/>
        <line num="85" count="2" type="stmt"/>
        <line num="86" count="2" type="stmt"/>
        <line num="87" count="2" type="stmt"/>
        <line num="91" count="18" type="stmt"/>
        <line num="92" count="0" type="stmt"/>
        <line num="95" count="18" type="stmt"/>
        <line num="109" count="2" type="stmt"/>
        <line num="113" count="396" type="stmt"/>
        <line num="126" count="2" type="stmt"/>
        <line num="138" count="3" type="stmt"/>
        <line num="151" count="4" type="stmt"/>
        <line num="173" count="2" type="stmt"/>
      </file>
      <file name="WorkoutLog.module.css" path="C:\Users\zaida\Desktop\Umuzi capstone\Capstone 3\react-fitness-tracker-theZoid9\fitness-tracker\src\components\WorkoutLog\WorkoutLog.module.css">
        <metrics statements="0" coveredstatements="0" conditionals="0" coveredconditionals="0" methods="0" coveredmethods="0"/>
      </file>
    </package>
    <package name="WorkoutPlanner">
      <metrics statements="17" coveredstatements="16" conditionals="26" coveredconditionals="23" methods="11" coveredmethods="10"/>
      <file name="DayCard.jsx" path="C:\Users\zaida\Desktop\Umuzi capstone\Capstone 3\react-fitness-tracker-theZoid9\fitness-tracker\src\components\WorkoutPlanner\DayCard.jsx">
        <metrics statements="6" coveredstatements="5" conditionals="7" coveredconditionals="7" methods="4" coveredmethods="3"/>
        <line num="8" count="1" type="stmt"/>
        <line num="14" count="6" type="stmt"/>
        <line num="41" count="0" type="stmt"/>
        <line num="67" count="4" type="stmt"/>
        <line num="99" count="1" type="stmt"/>
        <line num="122" count="1" type="stmt"/>
      </file>
      <file name="WorkoutPlanner.jsx" path="C:\Users\zaida\Desktop\Umuzi capstone\Capstone 3\react-fitness-tracker-theZoid9\fitness-tracker\src\components\WorkoutPlanner\WorkoutPlanner.jsx">
        <metrics statements="11" coveredstatements="11" conditionals="19" coveredconditionals="16" methods="7" coveredmethods="7"/>
        <line num="6" count="1" type="stmt"/>
        <line num="16" count="1" type="stmt"/>
        <line num="24" count="5" type="stmt"/>
        <line num="27" count="5" type="stmt"/>
        <line num="28" count="35" type="cond" truecount="2" falsecount="0"/>
        <line num="31" count="5" type="stmt"/>
        <line num="36" count="35" type="stmt"/>
        <line num="43" count="4" type="cond" truecount="1" falsecount="1"/>
        <line num="50" count="4" type="stmt"/>
        <line num="59" count="5" type="stmt"/>
        <line num="135" count="35" type="stmt"/>
      </file>
      <file name="WorkoutPlanner.module.css" path="C:\Users\zaida\Desktop\Umuzi capstone\Capstone 3\react-fitness-tracker-theZoid9\fitness-tracker\src\components\WorkoutPlanner\WorkoutPlanner.module.css">
        <metrics statements="0" coveredstatements="0" conditionals="0" coveredconditionals="0" methods="0" coveredmethods="0"/>
      </file>
    </package>
    <package name="common">
      <metrics statements="2" coveredstatements="2" conditionals="4" coveredconditionals="4" methods="1" coveredmethods="1"/>
      <file name="Header.jsx" path="C:\Users\zaida\Desktop\Umuzi capstone\Capstone 3\react-fitness-tracker-theZoid9\fitness-tracker\src\components\common\Header.jsx">
        <metrics statements="2" coveredstatements="2" conditionals="4" coveredconditionals="4" methods="1" coveredmethods="1"/>
        <line num="7" count="1" type="cond" truecount="2" falsecount="0"/>
        <line num="8" count="1" type="stmt"/>
      </file>
      <file name="common.module.css" path="C:\Users\zaida\Desktop\Umuzi capstone\Capstone 3\react-fitness-tracker-theZoid9\fitness-tracker\src\components\common\common.module.css">
        <metrics statements="0" coveredstatements="0" conditionals="0" coveredconditionals="0" methods="0" coveredmethods="0"/>
      </file>
    </package>
    <package name="data">
      <metrics statements="2" coveredstatements="2" conditionals="0" coveredconditionals="0" methods="0" coveredmethods="0"/>
      <file name="audioData.js" path="C:\Users\zaida\Desktop\Umuzi capstone\Capstone 3\react-fitness-tracker-theZoid9\fitness-tracker\src\components\data\audioData.js">
        <metrics statements="1" coveredstatements="1" conditionals="0" coveredconditionals="0" methods="0" coveredmethods="0"/>
        <line num="1" count="1" type="stmt"/>
      </file>
      <file name="exercisesData.js" path="C:\Users\zaida\Desktop\Umuzi capstone\Capstone 3\react-fitness-tracker-theZoid9\fitness-tracker\src\components\data\exercisesData.js">
        <metrics statements="1" coveredstatements="1" conditionals="0" coveredconditionals="0" methods="0" coveredmethods="0"/>
        <line num="4" count="2" type="stmt"/>
      </file>
    </package>
    <package name="pages">
      <metrics statements="52" coveredstatements="45" conditionals="16" coveredconditionals="11" methods="21" coveredmethods="16"/>
      <file name="ExercisePage.jsx" path="C:\Users\zaida\Desktop\Umuzi capstone\Capstone 3\react-fitness-tracker-theZoid9\fitness-tracker\src\components\pages\ExercisePage.jsx">
        <metrics statements="22" coveredstatements="22" conditionals="6" coveredconditionals="5" methods="7" coveredmethods="7"/>
        <line num="8" count="1" type="stmt"/>
        <line num="13" count="8" type="stmt"/>
        <line num="14" count="8" type="stmt"/>
        <line num="16" count="8" type="stmt"/>
        <line num="18" count="8" type="stmt"/>
        <line num="19" count="4" type="stmt"/>
        <line num="20" count="4" type="stmt"/>
        <line num="21" count="4" type="stmt"/>
        <line num="24" count="4" type="stmt"/>
        <line num="27" count="8" type="stmt"/>
        <line num="28" count="1" type="stmt"/>
        <line num="31" count="8" type="stmt"/>
        <line num="34" count="2" type="cond" truecount="2" falsecount="0"/>
        <line num="37" count="2" type="stmt"/>
        <line num="39" count="1" type="stmt"/>
        <line num="46" count="2" type="cond" truecount="2" falsecount="0"/>
        <line num="48" count="1" type="stmt"/>
        <line num="55" count="1" type="stmt"/>
        <line num="62" count="1" type="stmt"/>
        <line num="64" count="1" type="stmt"/>
        <line num="72" count="8" type="cond" truecount="1" falsecount="1"/>
        <line num="76" count="8" type="stmt"/>
      </file>
      <file name="Home.jsx" path="C:\Users\zaida\Desktop\Umuzi capstone\Capstone 3\react-fitness-tracker-theZoid9\fitness-tracker\src\components\pages\Home.jsx">
        <metrics statements="26" coveredstatements="20" conditionals="10" coveredconditionals="6" methods="12" coveredmethods="8"/>
        <line num="13" count="1" type="stmt"/>
        <line num="23" count="1" type="stmt"/>
        <line num="28" count="8" type="stmt"/>
        <line num="34" count="8" type="stmt"/>
        <line num="35" count="8" type="stmt"/>
        <line num="41" count="8" type="stmt"/>
        <line num="42" count="4" type="stmt"/>
        <line num="43" count="4" type="stmt"/>
        <line num="46" count="4" type="stmt"/>
        <line num="53" count="8" type="stmt"/>
        <line num="54" count="4" type="stmt"/>
        <line num="56" count="0" type="stmt"/>
        <line num="59" count="0" type="stmt"/>
        <line num="60" count="0" type="stmt"/>
        <line num="61" count="0" type="stmt"/>
        <line num="64" count="0" type="stmt"/>
        <line num="67" count="0" type="stmt"/>
        <line num="70" count="4" type="stmt"/>
        <line num="77" count="8" type="cond" truecount="2" falsecount="0"/>
        <line num="78" count="4" type="stmt"/>
        <line num="93" count="4" type="cond" truecount="1" falsecount="1"/>
        <line num="96" count="8" type="cond" truecount="1" falsecount="1"/>
        <line num="97" count="3" type="stmt"/>
        <line num="100" count="8" type="stmt"/>
        <line num="107" count="8" type="stmt"/>
        <line num="249" count="12" type="stmt"/>
      </file>
      <file name="Home.module.css" path="C:\Users\zaida\Desktop\Umuzi capstone\Capstone 3\react-fitness-tracker-theZoid9\fitness-tracker\src\components\pages\Home.module.css">
        <metrics statements="0" coveredstatements="0" conditionals="0" coveredconditionals="0" methods="0" coveredmethods="0"/>
      </file>
      <file name="NotFound.jsx" path="C:\Users\zaida\Desktop\Umuzi capstone\Capstone 3\react-fitness-tracker-theZoid9\fitness-tracker\src\components\pages\NotFound.jsx">
        <metrics statements="4" coveredstatements="3" conditionals="0" coveredconditionals="0" methods="2" coveredmethods="1"/>
        <line num="9" count="1" type="stmt"/>
        <line num="10" count="1" type="stmt"/>
        <line num="12" count="1" type="stmt"/>
        <line num="20" count="0" type="stmt"/>
      </file>
    </package>
    <package name="utils">
      <metrics statements="41" coveredstatements="40" conditionals="52" coveredconditionals="42" methods="13" coveredmethods="13"/>
      <file name="helpers.js" path="C:\Users\zaida\Desktop\Umuzi capstone\Capstone 3\react-fitness-tracker-theZoid9\fitness-tracker\src\components\utils\helpers.js">
        <metrics statements="41" coveredstatements="40" conditionals="52" coveredconditionals="42" methods="13" coveredmethods="13"/>
        <line num="9" count="4" type="stmt"/>
        <line num="10" count="14" type="cond" truecount="3" falsecount="1"/>
        <line num="11" count="14" type="stmt"/>
        <line num="12" count="14" type="stmt"/>
        <line num="13" count="14" type="cond" truecount="4" falsecount="0"/>
        <line num="14" count="6" type="cond" truecount="2" falsecount="0"/>
        <line num="15" count="4" type="stmt"/>
        <line num="21" count="4" type="stmt"/>
        <line num="22" count="3" type="cond" truecount="1" falsecount="1"/>
        <line num="23" count="3" type="stmt"/>
        <line num="24" count="3" type="stmt"/>
        <line num="35" count="4" type="stmt"/>
        <line num="36" count="1" type="cond" truecount="4" falsecount="1"/>
        <line num="37" count="1" type="stmt"/>
        <line num="43" count="4" type="stmt"/>
        <line num="44" count="3" type="cond" truecount="1" falsecount="1"/>
        <line num="45" count="3" type="cond" truecount="3" falsecount="0"/>
        <line num="46" count="3" type="stmt"/>
        <line num="52" count="4" type="stmt"/>
        <line num="53" count="1" type="stmt"/>
        <line num="58" count="1" type="cond" truecount="1" falsecount="1"/>
        <line num="64" count="4" type="stmt"/>
        <line num="65" count="1" type="cond" truecount="1" falsecount="1"/>
        <line num="66" count="1" type="stmt"/>
        <line num="72" count="4" type="stmt"/>
        <line num="73" count="3" type="stmt"/>
        <line num="79" count="4" type="stmt"/>
        <line num="80" count="10" type="cond" truecount="4" falsecount="0"/>
        <line num="82" count="10" type="stmt"/>
        <line num="83" count="16" type="cond" truecount="2" falsecount="0"/>
        <line num="85" count="16" type="cond" truecount="1" falsecount="1"/>
        <line num="86" count="16" type="cond" truecount="2" falsecount="0"/>
        <line num="87" count="16" type="cond" truecount="1" falsecount="1"/>
        <line num="89" count="16" type="cond" truecount="4" falsecount="0"/>
        <line num="96" count="4" type="cond" truecount="2" falsecount="0"/>
        <line num="97" count="10" type="stmt"/>
        <line num="98" count="6" type="cond" truecount="3" falsecount="1"/>
        <line num="99" count="5" type="cond" truecount="3" falsecount="1"/>
        <line num="100" count="0" type="stmt"/>
        <line num="107" count="4" type="stmt"/>
        <line num="108" count="45" type="stmt"/>
      </file>
    </package>
  </project>
</coverage>
