<?xml version="1.0" encoding="UTF-8"?>
<coverage generated="1788370913515" clover="3.2.0">
  <project timestamp="1788370913515" name="All files">
    <metrics statements="19" coveredstatements="17" conditionals="36" coveredconditionals="28" methods="9" coveredmethods="7" elements="64" coveredelements="52" complexity="0" loc="19" ncloc="19" packages="3" files="8" classes="8"/>
    <package name="Media">
      <metrics statements="6" coveredstatements="6" conditionals="10" coveredconditionals="9" methods="2" coveredmethods="2"/>
      <file name="AudioPlayer.jsx" path="C:\Users\zaida\Desktop\Umuzi capstone\Capstone 3\react-fitness-tracker-theZoid9\fitness-tracker\src\components\Media\AudioPlayer.jsx">
        <metrics statements="3" coveredstatements="3" conditionals="4" coveredconditionals="4" methods="1" coveredmethods="1"/>
        <line num="8" count="1" type="stmt"/>
        <line num="9" count="4" type="stmt"/>
        <line num="24" count="1" type="stmt"/>
      </file>
      <file name="Media.module.css" path="C:\Users\zaida\Desktop\Umuzi capstone\Capstone 3\react-fitness-tracker-theZoid9\fitness-tracker\src\components\Media\Media.module.css">
        <metrics statements="0" coveredstatements="0" conditionals="0" coveredconditionals="0" methods="0" coveredmethods="0"/>
      </file>
      <file name="VideoPlayer.jsx" path="C:\Users\zaida\Desktop\Umuzi capstone\Capstone 3\react-fitness-tracker-theZoid9\fitness-tracker\src\components\Media\VideoPlayer.jsx">
        <metrics statements="3" coveredstatements="3" conditionals="6" coveredconditionals="5" methods="1" coveredmethods="1"/>
        <line num="5" count="1" type="stmt"/>
        <line num="6" count="3" type="stmt"/>
        <line num="34" count="1" type="stmt"/>
      </file>
    </package>
    <package name="UI">
      <metrics statements="7" coveredstatements="6" conditionals="19" coveredconditionals="12" methods="3" coveredmethods="2"/>
      <file name="Button.jsx" path="C:\Users\zaida\Desktop\Umuzi capstone\Capstone 3\react-fitness-tracker-theZoid9\fitness-tracker\src\components\UI\Button.jsx">
        <metrics statements="3" coveredstatements="3" conditionals="5" coveredconditionals="5" methods="1" coveredmethods="1"/>
        <line num="8" count="1" type="stmt"/>
        <line num="18" count="3" type="stmt"/>
        <line num="31" count="1" type="stmt"/>
      </file>
      <file name="Card.jsx" path="C:\Users\zaida\Desktop\Umuzi capstone\Capstone 3\react-fitness-tracker-theZoid9\fitness-tracker\src\components\UI\Card.jsx">
        <metrics statements="4" coveredstatements="3" conditionals="14" coveredconditionals="7" methods="2" coveredmethods="1"/>
        <line num="8" count="1" type="cond" truecount="2" falsecount="0"/>
        <line num="9" count="6" type="stmt"/>
        <line num="16" count="0" type="cond" truecount="1" falsecount="3"/>
        <line num="24" count="1" type="stmt"/>
      </file>
      <file name="UI.module.css" path="C:\Users\zaida\Desktop\Umuzi capstone\Capstone 3\react-fitness-tracker-theZoid9\fitness-tracker\src\components\UI\UI.module.css">
        <metrics statements="0" coveredstatements="0" conditionals="0" coveredconditionals="0" methods="0" coveredmethods="0"/>
      </file>
    </package>
    <package name="WorkoutPlanner">
      <metrics statements="6" coveredstatements="5" conditionals="7" coveredconditionals="7" methods="4" coveredmethods="3"/>
      <file name="DayCard.jsx" path="C:\Users\zaida\Desktop\Umuzi capstone\Capstone 3\react-fitness-tracker-theZoid9\fitness-tracker\src\components\WorkoutPlanner\DayCard.jsx">
        <metrics statements="6" coveredstatements="5" conditionals="7" coveredconditionals="7" methods="4" coveredmethods="3"/>
        <line num="8" count="1" type="stmt"/>
        <line num="14" count="6" type="stmt"/>
        <line num="41" count="0" type="stmt"/>
        <line num="67" count="4" type="stmt"/>
        <line num="99" count="1" type="stmt"/>
        <line num="122" count="1" type="stmt"/>
      </file>
      <file name="WorkoutPlanner.module.css" path="C:\Users\zaida\Desktop\Umuzi capstone\Capstone 3\react-fitness-tracker-theZoid9\fitness-tracker\src\components\WorkoutPlanner\WorkoutPlanner.module.css">
        <metrics statements="0" coveredstatements="0" conditionals="0" coveredconditionals="0" methods="0" coveredmethods="0"/>
      </file>
    </package>
  </project>
</coverage>
