{"C:\\Users\\zaida\\Desktop\\Umuzi capstone\\Capstone 3\\react-fitness-tracker-theZoid9\\fitness-tracker\\src\\components\\Exercise\\Exercise.module.css": {"path":"C:\\Users\\zaida\\Desktop\\Umuzi capstone\\Capstone 3\\react-fitness-tracker-theZoid9\\fitness-tracker\\src\\components\\Exercise\\Exercise.module.css","statementMap":{},"fnMap":{},"branchMap":{},"s":{},"f":{},"b":{},"meta":{"lastBranch":0,"lastFunction":0,"lastStatement":0,"seen":{},"fnNames":{}}}
,"C:\\Users\\zaida\\Desktop\\Umuzi capstone\\Capstone 3\\react-fitness-tracker-theZoid9\\fitness-tracker\\src\\components\\Exercise\\ExerciseCard.jsx": {"path":"C:\\Users\\zaida\\Desktop\\Umuzi capstone\\Capstone 3\\react-fitness-tracker-theZoid9\\fitness-tracker\\src\\components\\Exercise\\ExerciseCard.jsx","statementMap":{"0":{"start":{"line":6,"column":21},"end":{"line":14,"column":null}},"1":{"start":{"line":16,"column":6},"end":{"line":178,"column":null}},"2":{"start":{"line":22,"column":4},"end":{"line":22,"column":null}},"3":{"start":{"line":27,"column":8},"end":{"line":37,"column":null}},"4":{"start":{"line":31,"column":4},"end":{"line":31,"column":null}},"5":{"start":{"line":36,"column":4},"end":{"line":36,"column":null}},"6":{"start":{"line":39,"column":2},"end":{"line":176,"column":null}},"7":{"start":{"line":100,"column":14},"end":{"line":100,"column":null}},"8":{"start":{"line":109,"column":14},"end":{"line":109,"column":null}},"9":{"start":{"line":124,"column":12},"end":{"line":124,"column":null}},"10":{"start":{"line":131,"column":14},"end":{"line":131,"column":null}},"11":{"start":{"line":138,"column":16},"end":{"line":138,"column":null}},"12":{"start":{"line":158,"column":16},"end":{"line":166,"column":null}},"13":{"start":{"line":162,"column":20},"end":{"line":162,"column":null}},"14":{"start":{"line":180,"column":0},"end":{"line":196,"column":null}}},"fnMap":{"0":{"name":"(anonymous_0)","decl":{"start":{"line":16,"column":6},"end":{"line":16,"column":22}},"loc":{"start":{"line":20,"column":6},"end":{"line":178,"column":null}},"line":20},"1":{"name":"(anonymous_1)","decl":{"start":{"line":27,"column":8},"end":{"line":27,"column":26}},"loc":{"start":{"line":27,"column":34},"end":{"line":37,"column":null}},"line":27},"2":{"name":"(anonymous_2)","decl":{"start":{"line":99,"column":12},"end":{"line":99,"column":null}},"loc":{"start":{"line":100,"column":14},"end":{"line":100,"column":null}},"line":100},"3":{"name":"(anonymous_3)","decl":{"start":{"line":108,"column":12},"end":{"line":108,"column":null}},"loc":{"start":{"line":109,"column":14},"end":{"line":109,"column":null}},"line":109},"4":{"name":"(anonymous_4)","decl":{"start":{"line":123,"column":10},"end":{"line":123,"column":null}},"loc":{"start":{"line":124,"column":12},"end":{"line":124,"column":null}},"line":124},"5":{"name":"(anonymous_5)","decl":{"start":{"line":130,"column":12},"end":{"line":130,"column":22}},"loc":{"start":{"line":131,"column":14},"end":{"line":131,"column":null}},"line":131},"6":{"name":"(anonymous_6)","decl":{"start":{"line":137,"column":14},"end":{"line":137,"column":null}},"loc":{"start":{"line":138,"column":16},"end":{"line":138,"column":null}},"line":138},"7":{"name":"(anonymous_7)","decl":{"start":{"line":157,"column":28},"end":{"line":157,"column":33}},"loc":{"start":{"line":158,"column":16},"end":{"line":166,"column":null}},"line":158},"8":{"name":"(anonymous_8)","decl":{"start":{"line":161,"column":18},"end":{"line":161,"column":null}},"loc":{"start":{"line":162,"column":20},"end":{"line":162,"column":null}},"line":162}},"branchMap":{"0":{"loc":{"start":{"line":44,"column":10},"end":{"line":49,"column":null}},"type":"cond-expr","locations":[{"start":{"line":46,"column":14},"end":{"line":48,"column":null}},{"start":{"line":49,"column":14},"end":{"line":49,"column":null}}],"line":44},"1":{"loc":{"start":{"line":44,"column":10},"end":{"line":45,"column":null}},"type":"binary-expr","locations":[{"start":{"line":44,"column":10},"end":{"line":44,"column":null}},{"start":{"line":45,"column":10},"end":{"line":45,"column":null}}],"line":44},"2":{"loc":{"start":{"line":120,"column":7},"end":{"line":176,"column":null}},"type":"binary-expr","locations":[{"start":{"line":120,"column":7},"end":{"line":120,"column":null}},{"start":{"line":121,"column":8},"end":{"line":176,"column":null}}],"line":120}},"s":{"0":1,"1":1,"2":7,"3":7,"4":1,"5":1,"6":7,"7":1,"8":1,"9":0,"10":1,"11":0,"12":7,"13":1,"14":1},"f":{"0":7,"1":1,"2":1,"3":1,"4":0,"5":1,"6":0,"7":7,"8":1},"b":{"0":[0,7],"1":[7,7],"2":[7,1]},"meta":{"lastBranch":3,"lastFunction":9,"lastStatement":15,"seen":{"s:6:21:14:Infinity":0,"s:16:6:178:Infinity":1,"f:16:6:16:22":0,"s:22:4:22:Infinity":2,"s:27:8:37:Infinity":3,"f:27:8:27:26":1,"s:31:4:31:Infinity":4,"s:36:4:36:Infinity":5,"s:39:2:176:Infinity":6,"b:46:14:48:Infinity:49:14:49:Infinity":0,"b:44:10:44:Infinity:45:10:45:Infinity":1,"f:99:12:99:Infinity":2,"s:100:14:100:Infinity":7,"f:108:12:108:Infinity":3,"s:109:14:109:Infinity":8,"b:120:7:120:Infinity:121:8:176:Infinity":2,"f:123:10:123:Infinity":4,"s:124:12:124:Infinity":9,"f:130:12:130:22":5,"s:131:14:131:Infinity":10,"f:137:14:137:Infinity":6,"s:138:16:138:Infinity":11,"f:157:28:157:33":7,"s:158:16:166:Infinity":12,"f:161:18:161:Infinity":8,"s:162:20:162:Infinity":13,"s:180:0:196:Infinity":14},"fnNames":{}}}
,"C:\\Users\\zaida\\Desktop\\Umuzi capstone\\Capstone 3\\react-fitness-tracker-theZoid9\\fitness-tracker\\src\\components\\Media\\AudioPlayer.jsx": {"path":"C:\\Users\\zaida\\Desktop\\Umuzi capstone\\Capstone 3\\react-fitness-tracker-theZoid9\\fitness-tracker\\src\\components\\Media\\AudioPlayer.jsx","statementMap":{"0":{"start":{"line":8,"column":6},"end":{"line":22,"column":null}},"1":{"start":{"line":9,"column":2},"end":{"line":20,"column":null}},"2":{"start":{"line":24,"column":0},"end":{"line":29,"column":null}}},"fnMap":{"0":{"name":"(anonymous_0)","decl":{"start":{"line":8,"column":6},"end":{"line":8,"column":21}},"loc":{"start":{"line":8,"column":68},"end":{"line":22,"column":null}},"line":8}},"branchMap":{"0":{"loc":{"start":{"line":13,"column":9},"end":{"line":14,"column":null}},"type":"binary-expr","locations":[{"start":{"line":13,"column":9},"end":{"line":13,"column":21}},{"start":{"line":13,"column":21},"end":{"line":14,"column":null}}],"line":13},"1":{"loc":{"start":{"line":15,"column":7},"end":{"line":15,"column":null}},"type":"binary-expr","locations":[{"start":{"line":15,"column":7},"end":{"line":15,"column":22}},{"start":{"line":15,"column":22},"end":{"line":15,"column":null}}],"line":15}},"s":{"0":1,"1":4,"2":1},"f":{"0":4},"b":{"0":[4,4],"1":[4,4]},"meta":{"lastBranch":2,"lastFunction":1,"lastStatement":3,"seen":{"s:8:6:22:Infinity":0,"f:8:6:8:21":0,"s:9:2:20:Infinity":1,"b:13:9:13:21:13:21:14:Infinity":0,"b:15:7:15:22:15:22:15:Infinity":1,"s:24:0:29:Infinity":2},"fnNames":{}}}
,"C:\\Users\\zaida\\Desktop\\Umuzi capstone\\Capstone 3\\react-fitness-tracker-theZoid9\\fitness-tracker\\src\\components\\Media\\Media.module.css": {"path":"C:\\Users\\zaida\\Desktop\\Umuzi capstone\\Capstone 3\\react-fitness-tracker-theZoid9\\fitness-tracker\\src\\components\\Media\\Media.module.css","statementMap":{},"fnMap":{},"branchMap":{},"s":{},"f":{},"b":{},"meta":{"lastBranch":0,"lastFunction":0,"lastStatement":0,"seen":{},"fnNames":{}}}
,"C:\\Users\\zaida\\Desktop\\Umuzi capstone\\Capstone 3\\react-fitness-tracker-theZoid9\\fitness-tracker\\src\\components\\Media\\VideoPlayer.jsx": {"path":"C:\\Users\\zaida\\Desktop\\Umuzi capstone\\Capstone 3\\react-fitness-tracker-theZoid9\\fitness-tracker\\src\\components\\Media\\VideoPlayer.jsx","statementMap":{"0":{"start":{"line":5,"column":6},"end":{"line":32,"column":null}},"1":{"start":{"line":6,"column":2},"end":{"line":30,"column":null}},"2":{"start":{"line":34,"column":0},"end":{"line":38,"column":null}}},"fnMap":{"0":{"name":"(anonymous_0)","decl":{"start":{"line":5,"column":6},"end":{"line":5,"column":21}},"loc":{"start":{"line":5,"column":58},"end":{"line":32,"column":null}},"line":5}},"branchMap":{"0":{"loc":{"start":{"line":9,"column":7},"end":{"line":12,"column":null}},"type":"binary-expr","locations":[{"start":{"line":9,"column":7},"end":{"line":9,"column":null}},{"start":{"line":10,"column":8},"end":{"line":12,"column":null}}],"line":9},"1":{"loc":{"start":{"line":15,"column":7},"end":{"line":18,"column":null}},"type":"binary-expr","locations":[{"start":{"line":15,"column":7},"end":{"line":15,"column":null}},{"start":{"line":16,"column":8},"end":{"line":18,"column":null}}],"line":15},"2":{"loc":{"start":{"line":24,"column":15},"end":{"line":24,"column":null}},"type":"binary-expr","locations":[{"start":{"line":24,"column":15},"end":{"line":24,"column":24}},{"start":{"line":24,"column":24},"end":{"line":24,"column":null}}],"line":24}},"s":{"0":1,"1":3,"2":1},"f":{"0":3},"b":{"0":[3,1],"1":[3,0],"2":[3,2]},"meta":{"lastBranch":3,"lastFunction":1,"lastStatement":3,"seen":{"s:5:6:32:Infinity":0,"f:5:6:5:21":0,"s:6:2:30:Infinity":1,"b:9:7:9:Infinity:10:8:12:Infinity":0,"b:15:7:15:Infinity:16:8:18:Infinity":1,"b:24:15:24:24:24:24:24:Infinity":2,"s:34:0:38:Infinity":2},"fnNames":{}}}
,"C:\\Users\\zaida\\Desktop\\Umuzi capstone\\Capstone 3\\react-fitness-tracker-theZoid9\\fitness-tracker\\src\\components\\UI\\Button.jsx": {"path":"C:\\Users\\zaida\\Desktop\\Umuzi capstone\\Capstone 3\\react-fitness-tracker-theZoid9\\fitness-tracker\\src\\components\\UI\\Button.jsx","statementMap":{"0":{"start":{"line":8,"column":6},"end":{"line":29,"column":null}},"1":{"start":{"line":18,"column":2},"end":{"line":27,"column":null}},"2":{"start":{"line":31,"column":0},"end":{"line":40,"column":null}}},"fnMap":{"0":{"name":"(anonymous_0)","decl":{"start":{"line":8,"column":6},"end":{"line":8,"column":16}},"loc":{"start":{"line":17,"column":6},"end":{"line":29,"column":null}},"line":17}},"branchMap":{"0":{"loc":{"start":{"line":10,"column":2},"end":{"line":10,"column":null}},"type":"default-arg","locations":[{"start":{"line":10,"column":12},"end":{"line":10,"column":null}}],"line":10},"1":{"loc":{"start":{"line":11,"column":2},"end":{"line":11,"column":null}},"type":"default-arg","locations":[{"start":{"line":11,"column":9},"end":{"line":11,"column":null}}],"line":11},"2":{"loc":{"start":{"line":13,"column":2},"end":{"line":13,"column":null}},"type":"default-arg","locations":[{"start":{"line":13,"column":9},"end":{"line":13,"column":null}}],"line":13},"3":{"loc":{"start":{"line":14,"column":2},"end":{"line":14,"column":null}},"type":"default-arg","locations":[{"start":{"line":14,"column":13},"end":{"line":14,"column":null}}],"line":14},"4":{"loc":{"start":{"line":15,"column":2},"end":{"line":15,"column":null}},"type":"default-arg","locations":[{"start":{"line":15,"column":14},"end":{"line":15,"column":null}}],"line":15}},"s":{"0":1,"1":3,"2":1},"f":{"0":3},"b":{"0":[3],"1":[3],"2":[3],"3":[3],"4":[3]},"meta":{"lastBranch":5,"lastFunction":1,"lastStatement":3,"seen":{"s:8:6:29:Infinity":0,"f:8:6:8:16":0,"b:10:12:10:Infinity":0,"b:11:9:11:Infinity":1,"b:13:9:13:Infinity":2,"b:14:13:14:Infinity":3,"b:15:14:15:Infinity":4,"s:18:2:27:Infinity":1,"s:31:0:40:Infinity":2},"fnNames":{}}}
,"C:\\Users\\zaida\\Desktop\\Umuzi capstone\\Capstone 3\\react-fitness-tracker-theZoid9\\fitness-tracker\\src\\components\\UI\\Card.jsx": {"path":"C:\\Users\\zaida\\Desktop\\Umuzi capstone\\Capstone 3\\react-fitness-tracker-theZoid9\\fitness-tracker\\src\\components\\UI\\Card.jsx","statementMap":{"0":{"start":{"line":8,"column":6},"end":{"line":22,"column":null}},"1":{"start":{"line":9,"column":2},"end":{"line":20,"column":null}},"2":{"start":{"line":16,"column":34},"end":{"line":16,"column":67}},"3":{"start":{"line":24,"column":0},"end":{"line":30,"column":null}}},"fnMap":{"0":{"name":"(anonymous_0)","decl":{"start":{"line":8,"column":6},"end":{"line":8,"column":14}},"loc":{"start":{"line":8,"column":82},"end":{"line":22,"column":null}},"line":8},"1":{"name":"(anonymous_1)","decl":{"start":{"line":16,"column":17},"end":{"line":16,"column":28}},"loc":{"start":{"line":16,"column":34},"end":{"line":16,"column":67}},"line":16}},"branchMap":{"0":{"loc":{"start":{"line":8,"column":26},"end":{"line":8,"column":42}},"type":"default-arg","locations":[{"start":{"line":8,"column":38},"end":{"line":8,"column":42}}],"line":8},"1":{"loc":{"start":{"line":8,"column":58},"end":{"line":8,"column":82}},"type":"default-arg","locations":[{"start":{"line":8,"column":70},"end":{"line":8,"column":82}}],"line":8},"2":{"loc":{"start":{"line":13,"column":13},"end":{"line":13,"column":null}},"type":"cond-expr","locations":[{"start":{"line":13,"column":25},"end":{"line":13,"column":49}},{"start":{"line":13,"column":49},"end":{"line":13,"column":null}}],"line":13},"3":{"loc":{"start":{"line":14,"column":12},"end":{"line":14,"column":null}},"type":"cond-expr","locations":[{"start":{"line":14,"column":22},"end":{"line":14,"column":33}},{"start":{"line":14,"column":33},"end":{"line":14,"column":null}}],"line":14},"4":{"loc":{"start":{"line":15,"column":16},"end":{"line":15,"column":null}},"type":"cond-expr","locations":[{"start":{"line":15,"column":26},"end":{"line":15,"column":30}},{"start":{"line":15,"column":30},"end":{"line":15,"column":null}}],"line":15},"5":{"loc":{"start":{"line":16,"column":17},"end":{"line":16,"column":null}},"type":"cond-expr","locations":[{"start":{"line":16,"column":17},"end":{"line":16,"column":67}},{"start":{"line":16,"column":67},"end":{"line":16,"column":null}}],"line":16},"6":{"loc":{"start":{"line":16,"column":34},"end":{"line":16,"column":67}},"type":"binary-expr","locations":[{"start":{"line":16,"column":34},"end":{"line":16,"column":55}},{"start":{"line":16,"column":55},"end":{"line":16,"column":67}}],"line":16},"7":{"loc":{"start":{"line":18,"column":7},"end":{"line":19,"column":null}},"type":"binary-expr","locations":[{"start":{"line":18,"column":7},"end":{"line":18,"column":16}},{"start":{"line":18,"column":16},"end":{"line":19,"column":null}}],"line":18}},"s":{"0":1,"1":6,"2":0,"3":1},"f":{"0":6,"1":0},"b":{"0":[6],"1":[6],"2":[0,6],"3":[0,6],"4":[0,6],"5":[0,6],"6":[0,0],"7":[6,0]},"meta":{"lastBranch":8,"lastFunction":2,"lastStatement":4,"seen":{"s:8:6:22:Infinity":0,"f:8:6:8:14":0,"b:8:38:8:42":0,"b:8:70:8:82":1,"s:9:2:20:Infinity":1,"b:13:25:13:49:13:49:13:Infinity":2,"b:14:22:14:33:14:33:14:Infinity":3,"b:15:26:15:30:15:30:15:Infinity":4,"b:16:17:16:67:16:67:16:Infinity":5,"f:16:17:16:28":1,"s:16:34:16:67":2,"b:16:34:16:55:16:55:16:67":6,"b:18:7:18:16:18:16:19:Infinity":7,"s:24:0:30:Infinity":3},"fnNames":{}}}
,"C:\\Users\\zaida\\Desktop\\Umuzi capstone\\Capstone 3\\react-fitness-tracker-theZoid9\\fitness-tracker\\src\\components\\UI\\UI.module.css": {"path":"C:\\Users\\zaida\\Desktop\\Umuzi capstone\\Capstone 3\\react-fitness-tracker-theZoid9\\fitness-tracker\\src\\components\\UI\\UI.module.css","statementMap":{},"fnMap":{},"branchMap":{},"s":{},"f":{},"b":{},"meta":{"lastBranch":0,"lastFunction":0,"lastStatement":0,"seen":{},"fnNames":{}}}
,"C:\\Users\\zaida\\Desktop\\Umuzi capstone\\Capstone 3\\react-fitness-tracker-theZoid9\\fitness-tracker\\src\\components\\WorkoutPlanner\\DayCard.jsx": {"path":"C:\\Users\\zaida\\Desktop\\Umuzi capstone\\Capstone 3\\react-fitness-tracker-theZoid9\\fitness-tracker\\src\\components\\WorkoutPlanner\\DayCard.jsx","statementMap":{"0":{"start":{"line":8,"column":6},"end":{"line":120,"column":null}},"1":{"start":{"line":14,"column":2},"end":{"line":118,"column":null}},"2":{"start":{"line":41,"column":14},"end":{"line":41,"column":null}},"3":{"start":{"line":67,"column":12},"end":{"line":110,"column":null}},"4":{"start":{"line":99,"column":18},"end":{"line":102,"column":null}},"5":{"start":{"line":122,"column":0},"end":{"line":132,"column":null}}},"fnMap":{"0":{"name":"(anonymous_0)","decl":{"start":{"line":8,"column":6},"end":{"line":8,"column":17}},"loc":{"start":{"line":13,"column":6},"end":{"line":120,"column":null}},"line":13},"1":{"name":"(anonymous_1)","decl":{"start":{"line":40,"column":12},"end":{"line":40,"column":null}},"loc":{"start":{"line":41,"column":14},"end":{"line":41,"column":null}},"line":41},"2":{"name":"(anonymous_2)","decl":{"start":{"line":65,"column":20},"end":{"line":65,"column":25}},"loc":{"start":{"line":67,"column":12},"end":{"line":110,"column":null}},"line":67},"3":{"name":"(anonymous_3)","decl":{"start":{"line":98,"column":16},"end":{"line":98,"column":null}},"loc":{"start":{"line":99,"column":18},"end":{"line":102,"column":null}},"line":99}},"branchMap":{"0":{"loc":{"start":{"line":10,"column":2},"end":{"line":10,"column":null}},"type":"default-arg","locations":[{"start":{"line":10,"column":14},"end":{"line":10,"column":null}}],"line":10},"1":{"loc":{"start":{"line":28,"column":13},"end":{"line":30,"column":null}},"type":"cond-expr","locations":[{"start":{"line":29,"column":16},"end":{"line":29,"column":null}},{"start":{"line":30,"column":16},"end":{"line":30,"column":null}}],"line":28},"2":{"loc":{"start":{"line":36,"column":9},"end":{"line":48,"column":null}},"type":"binary-expr","locations":[{"start":{"line":36,"column":9},"end":{"line":36,"column":null}},{"start":{"line":37,"column":10},"end":{"line":48,"column":null}}],"line":36},"3":{"loc":{"start":{"line":53,"column":9},"end":{"line":112,"column":null}},"type":"cond-expr","locations":[{"start":{"line":59,"column":10},"end":{"line":65,"column":20}},{"start":{"line":65,"column":10},"end":{"line":112,"column":null}}],"line":53}},"s":{"0":1,"1":6,"2":0,"3":4,"4":1,"5":1},"f":{"0":6,"1":0,"2":4,"3":1},"b":{"0":[6],"1":[4,2],"2":[6,3],"3":[3,3]},"meta":{"lastBranch":4,"lastFunction":4,"lastStatement":6,"seen":{"s:8:6:120:Infinity":0,"f:8:6:8:17":0,"b:10:14:10:Infinity":0,"s:14:2:118:Infinity":1,"b:29:16:29:Infinity:30:16:30:Infinity":1,"b:36:9:36:Infinity:37:10:48:Infinity":2,"f:40:12:40:Infinity":1,"s:41:14:41:Infinity":2,"b:59:10:65:20:65:10:112:Infinity":3,"f:65:20:65:25":2,"s:67:12:110:Infinity":3,"f:98:16:98:Infinity":3,"s:99:18:102:Infinity":4,"s:122:0:132:Infinity":5},"fnNames":{}}}
,"C:\\Users\\zaida\\Desktop\\Umuzi capstone\\Capstone 3\\react-fitness-tracker-theZoid9\\fitness-tracker\\src\\components\\WorkoutPlanner\\WorkoutPlanner.module.css": {"path":"C:\\Users\\zaida\\Desktop\\Umuzi capstone\\Capstone 3\\react-fitness-tracker-theZoid9\\fitness-tracker\\src\\components\\WorkoutPlanner\\WorkoutPlanner.module.css","statementMap":{},"fnMap":{},"branchMap":{},"s":{},"f":{},"b":{},"meta":{"lastBranch":0,"lastFunction":0,"lastStatement":0,"seen":{},"fnNames":{}}}
}
