{"C:\\Users\\zaida\\Desktop\\Umuzi capstone\\Capstone 3\\react-fitness-tracker-theZoid9\\fitness-tracker\\src\\components\\Exercise\\Exercise.module.css": {"path":"C:\\Users\\zaida\\Desktop\\Umuzi capstone\\Capstone 3\\react-fitness-tracker-theZoid9\\fitness-tracker\\src\\components\\Exercise\\Exercise.module.css","statementMap":{},"fnMap":{},"branchMap":{},"s":{},"f":{},"b":{},"meta":{"lastBranch":0,"lastFunction":0,"lastStatement":0,"seen":{},"fnNames":{}}}
,"C:\\Users\\zaida\\Desktop\\Umuzi capstone\\Capstone 3\\react-fitness-tracker-theZoid9\\fitness-tracker\\src\\components\\Exercise\\ExerciseCard.jsx": {"path":"C:\\Users\\zaida\\Desktop\\Umuzi capstone\\Capstone 3\\react-fitness-tracker-theZoid9\\fitness-tracker\\src\\components\\Exercise\\ExerciseCard.jsx","statementMap":{"0":{"start":{"line":6,"column":21},"end":{"line":14,"column":null}},"1":{"start":{"line":16,"column":6},"end":{"line":178,"column":null}},"2":{"start":{"line":22,"column":4},"end":{"line":22,"column":null}},"3":{"start":{"line":27,"column":8},"end":{"line":37,"column":null}},"4":{"start":{"line":31,"column":4},"end":{"line":31,"column":null}},"5":{"start":{"line":36,"column":4},"end":{"line":36,"column":null}},"6":{"start":{"line":39,"column":2},"end":{"line":176,"column":null}},"7":{"start":{"line":100,"column":14},"end":{"line":100,"column":null}},"8":{"start":{"line":109,"column":14},"end":{"line":109,"column":null}},"9":{"start":{"line":124,"column":12},"end":{"line":124,"column":null}},"10":{"start":{"line":131,"column":14},"end":{"line":131,"column":null}},"11":{"start":{"line":138,"column":16},"end":{"line":138,"column":null}},"12":{"start":{"line":158,"column":16},"end":{"line":166,"column":null}},"13":{"start":{"line":162,"column":20},"end":{"line":162,"column":null}},"14":{"start":{"line":180,"column":0},"end":{"line":196,"column":null}}},"fnMap":{"0":{"name":"(anonymous_0)","decl":{"start":{"line":16,"column":6},"end":{"line":16,"column":22}},"loc":{"start":{"line":20,"column":6},"end":{"line":178,"column":null}},"line":20},"1":{"name":"(anonymous_1)","decl":{"start":{"line":27,"column":8},"end":{"line":27,"column":26}},"loc":{"start":{"line":27,"column":34},"end":{"line":37,"column":null}},"line":27},"2":{"name":"(anonymous_2)","decl":{"start":{"line":99,"column":12},"end":{"line":99,"column":null}},"loc":{"start":{"line":100,"column":14},"end":{"line":100,"column":null}},"line":100},"3":{"name":"(anonymous_3)","decl":{"start":{"line":108,"column":12},"end":{"line":108,"column":null}},"loc":{"start":{"line":109,"column":14},"end":{"line":109,"column":null}},"line":109},"4":{"name":"(anonymous_4)","decl":{"start":{"line":123,"column":10},"end":{"line":123,"column":null}},"loc":{"start":{"line":124,"column":12},"end":{"line":124,"column":null}},"line":124},"5":{"name":"(anonymous_5)","decl":{"start":{"line":130,"column":12},"end":{"line":130,"column":22}},"loc":{"start":{"line":131,"column":14},"end":{"line":131,"column":null}},"line":131},"6":{"name":"(anonymous_6)","decl":{"start":{"line":137,"column":14},"end":{"line":137,"column":null}},"loc":{"start":{"line":138,"column":16},"end":{"line":138,"column":null}},"line":138},"7":{"name":"(anonymous_7)","decl":{"start":{"line":157,"column":28},"end":{"line":157,"column":33}},"loc":{"start":{"line":158,"column":16},"end":{"line":166,"column":null}},"line":158},"8":{"name":"(anonymous_8)","decl":{"start":{"line":161,"column":18},"end":{"line":161,"column":null}},"loc":{"start":{"line":162,"column":20},"end":{"line":162,"column":null}},"line":162}},"branchMap":{"0":{"loc":{"start":{"line":44,"column":10},"end":{"line":49,"column":null}},"type":"cond-expr","locations":[{"start":{"line":46,"column":14},"end":{"line":48,"column":null}},{"start":{"line":49,"column":14},"end":{"line":49,"column":null}}],"line":44},"1":{"loc":{"start":{"line":44,"column":10},"end":{"line":45,"column":null}},"type":"binary-expr","locations":[{"start":{"line":44,"column":10},"end":{"line":44,"column":null}},{"start":{"line":45,"column":10},"end":{"line":45,"column":null}}],"line":44},"2":{"loc":{"start":{"line":120,"column":7},"end":{"line":176,"column":null}},"type":"binary-expr","locations":[{"start":{"line":120,"column":7},"end":{"line":120,"column":null}},{"start":{"line":121,"column":8},"end":{"line":176,"column":null}}],"line":120}},"s":{"0":1,"1":1,"2":7,"3":7,"4":1,"5":1,"6":7,"7":1,"8":1,"9":0,"10":1,"11":0,"12":7,"13":1,"14":1},"f":{"0":7,"1":1,"2":1,"3":1,"4":0,"5":1,"6":0,"7":7,"8":1},"b":{"0":[0,7],"1":[7,7],"2":[7,1]},"meta":{"lastBranch":3,"lastFunction":9,"lastStatement":15,"seen":{"s:6:21:14:Infinity":0,"s:16:6:178:Infinity":1,"f:16:6:16:22":0,"s:22:4:22:Infinity":2,"s:27:8:37:Infinity":3,"f:27:8:27:26":1,"s:31:4:31:Infinity":4,"s:36:4:36:Infinity":5,"s:39:2:176:Infinity":6,"b:46:14:48:Infinity:49:14:49:Infinity":0,"b:44:10:44:Infinity:45:10:45:Infinity":1,"f:99:12:99:Infinity":2,"s:100:14:100:Infinity":7,"f:108:12:108:Infinity":3,"s:109:14:109:Infinity":8,"b:120:7:120:Infinity:121:8:176:Infinity":2,"f:123:10:123:Infinity":4,"s:124:12:124:Infinity":9,"f:130:12:130:22":5,"s:131:14:131:Infinity":10,"f:137:14:137:Infinity":6,"s:138:16:138:Infinity":11,"f:157:28:157:33":7,"s:158:16:166:Infinity":12,"f:161:18:161:Infinity":8,"s:162:20:162:Infinity":13,"s:180:0:196:Infinity":14},"fnNames":{}}}
,"C:\\Users\\zaida\\Desktop\\Umuzi capstone\\Capstone 3\\react-fitness-tracker-theZoid9\\fitness-tracker\\src\\components\\Exercise\\ExerciseDetail.jsx": {"path":"C:\\Users\\zaida\\Desktop\\Umuzi capstone\\Capstone 3\\react-fitness-tracker-theZoid9\\fitness-tracker\\src\\components\\Exercise\\ExerciseDetail.jsx","statementMap":{"0":{"start":{"line":10,"column":6},"end":{"line":288,"column":null}},"1":{"start":{"line":11,"column":17},"end":{"line":11,"column":27}},"2":{"start":{"line":12,"column":19},"end":{"line":12,"column":31}},"3":{"start":{"line":14,"column":36},"end":{"line":14,"column":null}},"4":{"start":{"line":16,"column":2},"end":{"line":22,"column":null}},"5":{"start":{"line":17,"column":18},"end":{"line":19,"column":null}},"6":{"start":{"line":18,"column":6},"end":{"line":18,"column":null}},"7":{"start":{"line":21,"column":4},"end":{"line":21,"column":null}},"8":{"start":{"line":21,"column":17},"end":{"line":21,"column":null}},"9":{"start":{"line":25,"column":19},"end":{"line":27,"column":null}},"10":{"start":{"line":26,"column":18},"end":{"line":26,"column":null}},"11":{"start":{"line":30,"column":2},"end":{"line":36,"column":null}},"12":{"start":{"line":31,"column":4},"end":{"line":34,"column":null}},"13":{"start":{"line":39,"column":2},"end":{"line":56,"column":null}},"14":{"start":{"line":40,"column":4},"end":{"line":54,"column":null}},"15":{"start":{"line":50,"column":25},"end":{"line":50,"column":null}},"16":{"start":{"line":71,"column":6},"end":{"line":71,"column":null}},"17":{"start":{"line":74,"column":23},"end":{"line":76,"column":null}},"18":{"start":{"line":75,"column":18},"end":{"line":75,"column":null}},"19":{"start":{"line":79,"column":8},"end":{"line":85,"column":null}},"20":{"start":{"line":80,"column":4},"end":{"line":84,"column":null}},"21":{"start":{"line":81,"column":6},"end":{"line":83,"column":null}},"22":{"start":{"line":88,"column":8},"end":{"line":94,"column":null}},"23":{"start":{"line":89,"column":4},"end":{"line":93,"column":null}},"24":{"start":{"line":90,"column":6},"end":{"line":92,"column":null}},"25":{"start":{"line":96,"column":2},"end":{"line":286,"column":null}},"26":{"start":{"line":102,"column":23},"end":{"line":102,"column":null}},"27":{"start":{"line":203,"column":16},"end":{"line":213,"column":null}},"28":{"start":{"line":254,"column":27},"end":{"line":254,"column":null}}},"fnMap":{"0":{"name":"(anonymous_0)","decl":{"start":{"line":10,"column":6},"end":{"line":10,"column":24}},"loc":{"start":{"line":10,"column":55},"end":{"line":288,"column":null}},"line":10},"1":{"name":"(anonymous_1)","decl":{"start":{"line":16,"column":2},"end":{"line":16,"column":18}},"loc":{"start":{"line":16,"column":18},"end":{"line":22,"column":5}},"line":16},"2":{"name":"(anonymous_2)","decl":{"start":{"line":17,"column":18},"end":{"line":17,"column":35}},"loc":{"start":{"line":17,"column":35},"end":{"line":19,"column":7}},"line":17},"3":{"name":"(anonymous_3)","decl":{"start":{"line":21,"column":4},"end":{"line":21,"column":17}},"loc":{"start":{"line":21,"column":17},"end":{"line":21,"column":null}},"line":21},"4":{"name":"(anonymous_4)","decl":{"start":{"line":25,"column":29},"end":{"line":25,"column":null}},"loc":{"start":{"line":26,"column":18},"end":{"line":26,"column":null}},"line":26},"5":{"name":"(anonymous_5)","decl":{"start":{"line":50,"column":10},"end":{"line":50,"column":25}},"loc":{"start":{"line":50,"column":25},"end":{"line":50,"column":null}},"line":50},"6":{"name":"(anonymous_6)","decl":{"start":{"line":74,"column":33},"end":{"line":74,"column":null}},"loc":{"start":{"line":75,"column":18},"end":{"line":75,"column":null}},"line":75},"7":{"name":"(anonymous_7)","decl":{"start":{"line":79,"column":8},"end":{"line":79,"column":31}},"loc":{"start":{"line":79,"column":31},"end":{"line":85,"column":null}},"line":79},"8":{"name":"(anonymous_8)","decl":{"start":{"line":88,"column":8},"end":{"line":88,"column":27}},"loc":{"start":{"line":88,"column":27},"end":{"line":94,"column":null}},"line":88},"9":{"name":"(anonymous_9)","decl":{"start":{"line":102,"column":8},"end":{"line":102,"column":23}},"loc":{"start":{"line":102,"column":23},"end":{"line":102,"column":null}},"line":102},"10":{"name":"(anonymous_10)","decl":{"start":{"line":202,"column":28},"end":{"line":202,"column":33}},"loc":{"start":{"line":203,"column":16},"end":{"line":213,"column":null}},"line":203},"11":{"name":"(anonymous_11)","decl":{"start":{"line":254,"column":12},"end":{"line":254,"column":27}},"loc":{"start":{"line":254,"column":27},"end":{"line":254,"column":null}},"line":254}},"branchMap":{"0":{"loc":{"start":{"line":30,"column":2},"end":{"line":36,"column":null}},"type":"if","locations":[{"start":{"line":30,"column":2},"end":{"line":36,"column":null}},{"start":{},"end":{}}],"line":30},"1":{"loc":{"start":{"line":39,"column":2},"end":{"line":56,"column":null}},"type":"if","locations":[{"start":{"line":39,"column":2},"end":{"line":56,"column":null}},{"start":{},"end":{}}],"line":39},"2":{"loc":{"start":{"line":66,"column":4},"end":{"line":66,"column":null}},"type":"default-arg","locations":[{"start":{"line":66,"column":19},"end":{"line":66,"column":null}}],"line":66},"3":{"loc":{"start":{"line":80,"column":4},"end":{"line":84,"column":null}},"type":"if","locations":[{"start":{"line":80,"column":4},"end":{"line":84,"column":null}},{"start":{},"end":{}}],"line":80},"4":{"loc":{"start":{"line":89,"column":4},"end":{"line":93,"column":null}},"type":"if","locations":[{"start":{"line":89,"column":4},"end":{"line":93,"column":null}},{"start":{},"end":{}}],"line":89},"5":{"loc":{"start":{"line":178,"column":17},"end":{"line":178,"column":null}},"type":"binary-expr","locations":[{"start":{"line":178,"column":17},"end":{"line":178,"column":30}},{"start":{"line":178,"column":30},"end":{"line":178,"column":null}}],"line":178},"6":{"loc":{"start":{"line":226,"column":11},"end":{"line":248,"column":null}},"type":"binary-expr","locations":[{"start":{"line":226,"column":11},"end":{"line":226,"column":null}},{"start":{"line":227,"column":12},"end":{"line":248,"column":null}}],"line":226}},"s":{"0":1,"1":31,"2":31,"3":31,"4":31,"5":16,"6":15,"7":16,"8":16,"9":31,"10":59,"11":31,"12":16,"13":15,"14":2,"15":1,"16":13,"17":13,"18":23,"19":13,"20":1,"21":1,"22":13,"23":1,"24":1,"25":13,"26":1,"27":46,"28":1},"f":{"0":31,"1":16,"2":15,"3":16,"4":59,"5":1,"6":23,"7":1,"8":1,"9":1,"10":46,"11":1},"b":{"0":[16,15],"1":[2,13],"2":[13],"3":[1,0],"4":[1,0],"5":[13,4],"6":[31,9]},"meta":{"lastBranch":7,"lastFunction":12,"lastStatement":29,"seen":{"s:10:6:288:Infinity":0,"f:10:6:10:24":0,"s:11:17:11:27":1,"s:12:19:12:31":2,"s:14:36:14:Infinity":3,"s:16:2:22:Infinity":4,"f:16:2:16:18":1,"s:17:18:19:Infinity":5,"f:17:18:17:35":2,"s:18:6:18:Infinity":6,"s:21:4:21:Infinity":7,"f:21:4:21:17":3,"s:21:17:21:Infinity":8,"s:25:19:27:Infinity":9,"f:25:29:25:Infinity":4,"s:26:18:26:Infinity":10,"b:30:2:36:Infinity:undefined:undefined:undefined:undefined":0,"s:30:2:36:Infinity":11,"s:31:4:34:Infinity":12,"b:39:2:56:Infinity:undefined:undefined:undefined:undefined":1,"s:39:2:56:Infinity":13,"s:40:4:54:Infinity":14,"f:50:10:50:25":5,"s:50:25:50:Infinity":15,"s:71:6:71:Infinity":16,"b:66:19:66:Infinity":2,"s:74:23:76:Infinity":17,"f:74:33:74:Infinity":6,"s:75:18:75:Infinity":18,"s:79:8:85:Infinity":19,"f:79:8:79:31":7,"b:80:4:84:Infinity:undefined:undefined:undefined:undefined":3,"s:80:4:84:Infinity":20,"s:81:6:83:Infinity":21,"s:88:8:94:Infinity":22,"f:88:8:88:27":8,"b:89:4:93:Infinity:undefined:undefined:undefined:undefined":4,"s:89:4:93:Infinity":23,"s:90:6:92:Infinity":24,"s:96:2:286:Infinity":25,"f:102:8:102:23":9,"s:102:23:102:Infinity":26,"b:178:17:178:30:178:30:178:Infinity":5,"f:202:28:202:33":10,"s:203:16:213:Infinity":27,"b:226:11:226:Infinity:227:12:248:Infinity":6,"f:254:12:254:27":11,"s:254:27:254:Infinity":28},"fnNames":{}}}
,"C:\\Users\\zaida\\Desktop\\Umuzi capstone\\Capstone 3\\react-fitness-tracker-theZoid9\\fitness-tracker\\src\\components\\Exercise\\ExerciseList.jsx": {"path":"C:\\Users\\zaida\\Desktop\\Umuzi capstone\\Capstone 3\\react-fitness-tracker-theZoid9\\fitness-tracker\\src\\components\\Exercise\\ExerciseList.jsx","statementMap":{"0":{"start":{"line":16,"column":6},"end":{"line":242,"column":null}},"1":{"start":{"line":23,"column":38},"end":{"line":23,"column":null}},"2":{"start":{"line":25,"column":34},"end":{"line":25,"column":null}},"3":{"start":{"line":28,"column":4},"end":{"line":28,"column":null}},"4":{"start":{"line":31,"column":4},"end":{"line":31,"column":null}},"5":{"start":{"line":33,"column":30},"end":{"line":33,"column":null}},"6":{"start":{"line":36,"column":4},"end":{"line":36,"column":null}},"7":{"start":{"line":41,"column":25},"end":{"line":43,"column":null}},"8":{"start":{"line":42,"column":18},"end":{"line":42,"column":null}},"9":{"start":{"line":48,"column":21},"end":{"line":51,"column":null}},"10":{"start":{"line":53,"column":23},"end":{"line":56,"column":null}},"11":{"start":{"line":58,"column":23},"end":{"line":61,"column":null}},"12":{"start":{"line":66,"column":26},"end":{"line":68,"column":null}},"13":{"start":{"line":67,"column":26},"end":{"line":67,"column":43}},"14":{"start":{"line":68,"column":23},"end":{"line":68,"column":34}},"15":{"start":{"line":73,"column":28},"end":{"line":81,"column":null}},"16":{"start":{"line":86,"column":26},"end":{"line":90,"column":null}},"17":{"start":{"line":95,"column":8},"end":{"line":106,"column":null}},"18":{"start":{"line":96,"column":18},"end":{"line":96,"column":null}},"19":{"start":{"line":98,"column":4},"end":{"line":105,"column":null}},"20":{"start":{"line":99,"column":6},"end":{"line":101,"column":null}},"21":{"start":{"line":100,"column":8},"end":{"line":100,"column":null}},"22":{"start":{"line":103,"column":6},"end":{"line":103,"column":null}},"23":{"start":{"line":104,"column":6},"end":{"line":104,"column":null}},"24":{"start":{"line":108,"column":2},"end":{"line":240,"column":null}},"25":{"start":{"line":127,"column":12},"end":{"line":127,"column":null}},"26":{"start":{"line":136,"column":12},"end":{"line":138,"column":null}},"27":{"start":{"line":146,"column":12},"end":{"line":146,"column":null}},"28":{"start":{"line":155,"column":12},"end":{"line":157,"column":null}},"29":{"start":{"line":165,"column":12},"end":{"line":165,"column":null}},"30":{"start":{"line":174,"column":12},"end":{"line":176,"column":null}},"31":{"start":{"line":225,"column":12},"end":{"line":233,"column":null}}},"fnMap":{"0":{"name":"(anonymous_0)","decl":{"start":{"line":16,"column":6},"end":{"line":16,"column":22}},"loc":{"start":{"line":22,"column":6},"end":{"line":242,"column":null}},"line":22},"1":{"name":"(anonymous_1)","decl":{"start":{"line":41,"column":35},"end":{"line":41,"column":null}},"loc":{"start":{"line":42,"column":18},"end":{"line":42,"column":null}},"line":42},"2":{"name":"(anonymous_2)","decl":{"start":{"line":67,"column":5},"end":{"line":67,"column":13}},"loc":{"start":{"line":67,"column":26},"end":{"line":67,"column":43}},"line":67},"3":{"name":"(anonymous_3)","decl":{"start":{"line":68,"column":5},"end":{"line":68,"column":10}},"loc":{"start":{"line":68,"column":23},"end":{"line":68,"column":34}},"line":68},"4":{"name":"(anonymous_4)","decl":{"start":{"line":95,"column":8},"end":{"line":95,"column":28}},"loc":{"start":{"line":95,"column":34},"end":{"line":106,"column":null}},"line":95},"5":{"name":"(anonymous_5)","decl":{"start":{"line":99,"column":6},"end":{"line":99,"column":24}},"loc":{"start":{"line":100,"column":8},"end":{"line":100,"column":null}},"line":100},"6":{"name":"(anonymous_6)","decl":{"start":{"line":126,"column":10},"end":{"line":126,"column":21}},"loc":{"start":{"line":127,"column":12},"end":{"line":127,"column":null}},"line":127},"7":{"name":"(anonymous_7)","decl":{"start":{"line":135,"column":22},"end":{"line":135,"column":27}},"loc":{"start":{"line":136,"column":12},"end":{"line":138,"column":null}},"line":136},"8":{"name":"(anonymous_8)","decl":{"start":{"line":145,"column":10},"end":{"line":145,"column":21}},"loc":{"start":{"line":146,"column":12},"end":{"line":146,"column":null}},"line":146},"9":{"name":"(anonymous_9)","decl":{"start":{"line":154,"column":24},"end":{"line":154,"column":29}},"loc":{"start":{"line":155,"column":12},"end":{"line":157,"column":null}},"line":155},"10":{"name":"(anonymous_10)","decl":{"start":{"line":164,"column":10},"end":{"line":164,"column":21}},"loc":{"start":{"line":165,"column":12},"end":{"line":165,"column":null}},"line":165},"11":{"name":"(anonymous_11)","decl":{"start":{"line":173,"column":24},"end":{"line":173,"column":29}},"loc":{"start":{"line":174,"column":12},"end":{"line":176,"column":null}},"line":174},"12":{"name":"(anonymous_12)","decl":{"start":{"line":224,"column":27},"end":{"line":224,"column":32}},"loc":{"start":{"line":225,"column":12},"end":{"line":233,"column":null}},"line":225}},"branchMap":{"0":{"loc":{"start":{"line":17,"column":2},"end":{"line":17,"column":null}},"type":"default-arg","locations":[{"start":{"line":17,"column":14},"end":{"line":17,"column":null}}],"line":17},"1":{"loc":{"start":{"line":18,"column":2},"end":{"line":18,"column":null}},"type":"default-arg","locations":[{"start":{"line":18,"column":16},"end":{"line":18,"column":null}}],"line":18},"2":{"loc":{"start":{"line":21,"column":2},"end":{"line":21,"column":null}},"type":"default-arg","locations":[{"start":{"line":21,"column":14},"end":{"line":21,"column":null}}],"line":21},"3":{"loc":{"start":{"line":98,"column":4},"end":{"line":105,"column":null}},"type":"if","locations":[{"start":{"line":98,"column":4},"end":{"line":105,"column":null}},{"start":{"line":102,"column":11},"end":{"line":105,"column":null}}],"line":98},"4":{"loc":{"start":{"line":100,"column":8},"end":{"line":100,"column":null}},"type":"cond-expr","locations":[{"start":{"line":100,"column":30},"end":{"line":100,"column":39}},{"start":{"line":100,"column":39},"end":{"line":100,"column":null}}],"line":100},"5":{"loc":{"start":{"line":206,"column":7},"end":{"line":236,"column":null}},"type":"cond-expr","locations":[{"start":{"line":207,"column":8},"end":{"line":208,"column":26}},{"start":{"line":208,"column":10},"end":{"line":236,"column":null}}],"line":206},"6":{"loc":{"start":{"line":208,"column":10},"end":{"line":236,"column":null}},"type":"cond-expr","locations":[{"start":{"line":210,"column":8},"end":{"line":222,"column":9}},{"start":{"line":222,"column":8},"end":{"line":236,"column":null}}],"line":208}},"s":{"0":1,"1":9,"2":9,"3":9,"4":9,"5":9,"6":9,"7":9,"8":14,"9":9,"10":9,"11":9,"12":9,"13":0,"14":0,"15":9,"16":9,"17":9,"18":1,"19":1,"20":1,"21":1,"22":0,"23":0,"24":9,"25":0,"26":7,"27":1,"28":14,"29":0,"30":14,"31":12},"f":{"0":9,"1":14,"2":0,"3":0,"4":1,"5":1,"6":0,"7":7,"8":1,"9":14,"10":0,"11":14,"12":12},"b":{"0":[9],"1":[9],"2":[9],"3":[1,0],"4":[1,0],"5":[1,8],"6":[1,7]},"meta":{"lastBranch":7,"lastFunction":13,"lastStatement":32,"seen":{"s:16:6:242:Infinity":0,"f:16:6:16:22":0,"b:17:14:17:Infinity":0,"b:18:16:18:Infinity":1,"b:21:14:21:Infinity":2,"s:23:38:23:Infinity":1,"s:25:34:25:Infinity":2,"s:28:4:28:Infinity":3,"s:31:4:31:Infinity":4,"s:33:30:33:Infinity":5,"s:36:4:36:Infinity":6,"s:41:25:43:Infinity":7,"f:41:35:41:Infinity":1,"s:42:18:42:Infinity":8,"s:48:21:51:Infinity":9,"s:53:23:56:Infinity":10,"s:58:23:61:Infinity":11,"s:66:26:68:Infinity":12,"f:67:5:67:13":2,"s:67:26:67:43":13,"f:68:5:68:10":3,"s:68:23:68:34":14,"s:73:28:81:Infinity":15,"s:86:26:90:Infinity":16,"s:95:8:106:Infinity":17,"f:95:8:95:28":4,"s:96:18:96:Infinity":18,"b:98:4:105:Infinity:102:11:105:Infinity":3,"s:98:4:105:Infinity":19,"s:99:6:101:Infinity":20,"f:99:6:99:24":5,"s:100:8:100:Infinity":21,"b:100:30:100:39:100:39:100:Infinity":4,"s:103:6:103:Infinity":22,"s:104:6:104:Infinity":23,"s:108:2:240:Infinity":24,"f:126:10:126:21":6,"s:127:12:127:Infinity":25,"f:135:22:135:27":7,"s:136:12:138:Infinity":26,"f:145:10:145:21":8,"s:146:12:146:Infinity":27,"f:154:24:154:29":9,"s:155:12:157:Infinity":28,"f:164:10:164:21":10,"s:165:12:165:Infinity":29,"f:173:24:173:29":11,"s:174:12:176:Infinity":30,"b:207:8:208:26:208:10:236:Infinity":5,"b:210:8:222:9:222:8:236:Infinity":6,"f:224:27:224:32":12,"s:225:12:233:Infinity":31},"fnNames":{}}}
,"C:\\Users\\zaida\\Desktop\\Umuzi capstone\\Capstone 3\\react-fitness-tracker-theZoid9\\fitness-tracker\\src\\components\\Media\\AudioPlayer.jsx": {"path":"C:\\Users\\zaida\\Desktop\\Umuzi capstone\\Capstone 3\\react-fitness-tracker-theZoid9\\fitness-tracker\\src\\components\\Media\\AudioPlayer.jsx","statementMap":{"0":{"start":{"line":8,"column":6},"end":{"line":22,"column":null}},"1":{"start":{"line":9,"column":2},"end":{"line":20,"column":null}},"2":{"start":{"line":24,"column":0},"end":{"line":29,"column":null}}},"fnMap":{"0":{"name":"(anonymous_0)","decl":{"start":{"line":8,"column":6},"end":{"line":8,"column":21}},"loc":{"start":{"line":8,"column":68},"end":{"line":22,"column":null}},"line":8}},"branchMap":{"0":{"loc":{"start":{"line":13,"column":9},"end":{"line":14,"column":null}},"type":"binary-expr","locations":[{"start":{"line":13,"column":9},"end":{"line":13,"column":21}},{"start":{"line":13,"column":21},"end":{"line":14,"column":null}}],"line":13},"1":{"loc":{"start":{"line":15,"column":7},"end":{"line":15,"column":null}},"type":"binary-expr","locations":[{"start":{"line":15,"column":7},"end":{"line":15,"column":22}},{"start":{"line":15,"column":22},"end":{"line":15,"column":null}}],"line":15}},"s":{"0":1,"1":4,"2":1},"f":{"0":4},"b":{"0":[4,4],"1":[4,4]},"meta":{"lastBranch":2,"lastFunction":1,"lastStatement":3,"seen":{"s:8:6:22:Infinity":0,"f:8:6:8:21":0,"s:9:2:20:Infinity":1,"b:13:9:13:21:13:21:14:Infinity":0,"b:15:7:15:22:15:22:15:Infinity":1,"s:24:0:29:Infinity":2},"fnNames":{}}}
,"C:\\Users\\zaida\\Desktop\\Umuzi capstone\\Capstone 3\\react-fitness-tracker-theZoid9\\fitness-tracker\\src\\components\\Media\\Media.module.css": {"path":"C:\\Users\\zaida\\Desktop\\Umuzi capstone\\Capstone 3\\react-fitness-tracker-theZoid9\\fitness-tracker\\src\\components\\Media\\Media.module.css","statementMap":{},"fnMap":{},"branchMap":{},"s":{},"f":{},"b":{},"meta":{"lastBranch":0,"lastFunction":0,"lastStatement":0,"seen":{},"fnNames":{}}}
,"C:\\Users\\zaida\\Desktop\\Umuzi capstone\\Capstone 3\\react-fitness-tracker-theZoid9\\fitness-tracker\\src\\components\\Media\\VideoPlayer.jsx": {"path":"C:\\Users\\zaida\\Desktop\\Umuzi capstone\\Capstone 3\\react-fitness-tracker-theZoid9\\fitness-tracker\\src\\components\\Media\\VideoPlayer.jsx","statementMap":{"0":{"start":{"line":5,"column":6},"end":{"line":32,"column":null}},"1":{"start":{"line":6,"column":2},"end":{"line":30,"column":null}},"2":{"start":{"line":34,"column":0},"end":{"line":38,"column":null}}},"fnMap":{"0":{"name":"(anonymous_0)","decl":{"start":{"line":5,"column":6},"end":{"line":5,"column":21}},"loc":{"start":{"line":5,"column":58},"end":{"line":32,"column":null}},"line":5}},"branchMap":{"0":{"loc":{"start":{"line":9,"column":7},"end":{"line":12,"column":null}},"type":"binary-expr","locations":[{"start":{"line":9,"column":7},"end":{"line":9,"column":null}},{"start":{"line":10,"column":8},"end":{"line":12,"column":null}}],"line":9},"1":{"loc":{"start":{"line":15,"column":7},"end":{"line":18,"column":null}},"type":"binary-expr","locations":[{"start":{"line":15,"column":7},"end":{"line":15,"column":null}},{"start":{"line":16,"column":8},"end":{"line":18,"column":null}}],"line":15},"2":{"loc":{"start":{"line":24,"column":15},"end":{"line":24,"column":null}},"type":"binary-expr","locations":[{"start":{"line":24,"column":15},"end":{"line":24,"column":24}},{"start":{"line":24,"column":24},"end":{"line":24,"column":null}}],"line":24}},"s":{"0":1,"1":3,"2":1},"f":{"0":3},"b":{"0":[3,1],"1":[3,0],"2":[3,2]},"meta":{"lastBranch":3,"lastFunction":1,"lastStatement":3,"seen":{"s:5:6:32:Infinity":0,"f:5:6:5:21":0,"s:6:2:30:Infinity":1,"b:9:7:9:Infinity:10:8:12:Infinity":0,"b:15:7:15:Infinity:16:8:18:Infinity":1,"b:24:15:24:24:24:24:24:Infinity":2,"s:34:0:38:Infinity":2},"fnNames":{}}}
,"C:\\Users\\zaida\\Desktop\\Umuzi capstone\\Capstone 3\\react-fitness-tracker-theZoid9\\fitness-tracker\\src\\components\\Navigation\\NavBar.module.css": {"path":"C:\\Users\\zaida\\Desktop\\Umuzi capstone\\Capstone 3\\react-fitness-tracker-theZoid9\\fitness-tracker\\src\\components\\Navigation\\NavBar.module.css","statementMap":{},"fnMap":{},"branchMap":{},"s":{},"f":{},"b":{},"meta":{"lastBranch":0,"lastFunction":0,"lastStatement":0,"seen":{},"fnNames":{}}}
,"C:\\Users\\zaida\\Desktop\\Umuzi capstone\\Capstone 3\\react-fitness-tracker-theZoid9\\fitness-tracker\\src\\components\\Navigation\\Navbar.jsx": {"path":"C:\\Users\\zaida\\Desktop\\Umuzi capstone\\Capstone 3\\react-fitness-tracker-theZoid9\\fitness-tracker\\src\\components\\Navigation\\Navbar.jsx","statementMap":{"0":{"start":{"line":10,"column":6},"end":{"line":74,"column":null}},"1":{"start":{"line":11,"column":38},"end":{"line":11,"column":null}},"2":{"start":{"line":12,"column":19},"end":{"line":12,"column":31}},"3":{"start":{"line":15,"column":19},"end":{"line":21,"column":null}},"4":{"start":{"line":24,"column":8},"end":{"line":26,"column":null}},"5":{"start":{"line":25,"column":4},"end":{"line":25,"column":null}},"6":{"start":{"line":25,"column":28},"end":{"line":25,"column":33}},"7":{"start":{"line":29,"column":8},"end":{"line":31,"column":null}},"8":{"start":{"line":30,"column":4},"end":{"line":30,"column":null}},"9":{"start":{"line":34,"column":8},"end":{"line":37,"column":null}},"10":{"start":{"line":35,"column":4},"end":{"line":35,"column":null}},"11":{"start":{"line":35,"column":22},"end":{"line":35,"column":null}},"12":{"start":{"line":36,"column":4},"end":{"line":36,"column":null}},"13":{"start":{"line":39,"column":2},"end":{"line":72,"column":null}},"14":{"start":{"line":60,"column":12},"end":{"line":68,"column":null}}},"fnMap":{"0":{"name":"(anonymous_0)","decl":{"start":{"line":10,"column":6},"end":{"line":10,"column":21}},"loc":{"start":{"line":10,"column":21},"end":{"line":74,"column":null}},"line":10},"1":{"name":"(anonymous_1)","decl":{"start":{"line":24,"column":8},"end":{"line":24,"column":33}},"loc":{"start":{"line":24,"column":33},"end":{"line":26,"column":null}},"line":24},"2":{"name":"(anonymous_2)","decl":{"start":{"line":25,"column":4},"end":{"line":25,"column":19}},"loc":{"start":{"line":25,"column":28},"end":{"line":25,"column":33}},"line":25},"3":{"name":"(anonymous_3)","decl":{"start":{"line":29,"column":8},"end":{"line":29,"column":32}},"loc":{"start":{"line":29,"column":32},"end":{"line":31,"column":null}},"line":29},"4":{"name":"(anonymous_4)","decl":{"start":{"line":34,"column":8},"end":{"line":34,"column":20}},"loc":{"start":{"line":34,"column":29},"end":{"line":37,"column":null}},"line":34},"5":{"name":"(anonymous_5)","decl":{"start":{"line":59,"column":20},"end":{"line":59,"column":25}},"loc":{"start":{"line":60,"column":12},"end":{"line":68,"column":null}},"line":60}},"branchMap":{"0":{"loc":{"start":{"line":35,"column":4},"end":{"line":35,"column":null}},"type":"if","locations":[{"start":{"line":35,"column":4},"end":{"line":35,"column":null}},{"start":{},"end":{}}],"line":35},"1":{"loc":{"start":{"line":54,"column":11},"end":{"line":54,"column":null}},"type":"cond-expr","locations":[{"start":{"line":54,"column":24},"end":{"line":54,"column":30}},{"start":{"line":54,"column":30},"end":{"line":54,"column":null}}],"line":54},"2":{"loc":{"start":{"line":58,"column":45},"end":{"line":58,"column":null}},"type":"cond-expr","locations":[{"start":{"line":58,"column":58},"end":{"line":58,"column":72}},{"start":{"line":58,"column":72},"end":{"line":58,"column":null}}],"line":58},"3":{"loc":{"start":{"line":63,"column":48},"end":{"line":63,"column":null}},"type":"cond-expr","locations":[{"start":{"line":63,"column":70},"end":{"line":63,"column":86}},{"start":{"line":63,"column":86},"end":{"line":63,"column":null}}],"line":63}},"s":{"0":3,"1":20,"2":20,"3":20,"4":20,"5":3,"6":3,"7":20,"8":4,"9":20,"10":100,"11":20,"12":80,"13":20,"14":100},"f":{"0":20,"1":3,"2":3,"3":4,"4":100,"5":100},"b":{"0":[20,80],"1":[2,18],"2":[2,18],"3":[19,81]},"meta":{"lastBranch":4,"lastFunction":6,"lastStatement":15,"seen":{"s:10:6:74:Infinity":0,"f:10:6:10:21":0,"s:11:38:11:Infinity":1,"s:12:19:12:31":2,"s:15:19:21:Infinity":3,"s:24:8:26:Infinity":4,"f:24:8:24:33":1,"s:25:4:25:Infinity":5,"f:25:4:25:19":2,"s:25:28:25:33":6,"s:29:8:31:Infinity":7,"f:29:8:29:32":3,"s:30:4:30:Infinity":8,"s:34:8:37:Infinity":9,"f:34:8:34:20":4,"b:35:4:35:Infinity:undefined:undefined:undefined:undefined":0,"s:35:4:35:Infinity":10,"s:35:22:35:Infinity":11,"s:36:4:36:Infinity":12,"s:39:2:72:Infinity":13,"b:54:24:54:30:54:30:54:Infinity":1,"b:58:58:58:72:58:72:58:Infinity":2,"f:59:20:59:25":5,"s:60:12:68:Infinity":14,"b:63:70:63:86:63:86:63:Infinity":3},"fnNames":{}}}
,"C:\\Users\\zaida\\Desktop\\Umuzi capstone\\Capstone 3\\react-fitness-tracker-theZoid9\\fitness-tracker\\src\\components\\UI\\Button.jsx": {"path":"C:\\Users\\zaida\\Desktop\\Umuzi capstone\\Capstone 3\\react-fitness-tracker-theZoid9\\fitness-tracker\\src\\components\\UI\\Button.jsx","statementMap":{"0":{"start":{"line":8,"column":6},"end":{"line":29,"column":null}},"1":{"start":{"line":18,"column":2},"end":{"line":27,"column":null}},"2":{"start":{"line":31,"column":0},"end":{"line":40,"column":null}}},"fnMap":{"0":{"name":"(anonymous_0)","decl":{"start":{"line":8,"column":6},"end":{"line":8,"column":16}},"loc":{"start":{"line":17,"column":6},"end":{"line":29,"column":null}},"line":17}},"branchMap":{"0":{"loc":{"start":{"line":10,"column":2},"end":{"line":10,"column":null}},"type":"default-arg","locations":[{"start":{"line":10,"column":12},"end":{"line":10,"column":null}}],"line":10},"1":{"loc":{"start":{"line":11,"column":2},"end":{"line":11,"column":null}},"type":"default-arg","locations":[{"start":{"line":11,"column":9},"end":{"line":11,"column":null}}],"line":11},"2":{"loc":{"start":{"line":13,"column":2},"end":{"line":13,"column":null}},"type":"default-arg","locations":[{"start":{"line":13,"column":9},"end":{"line":13,"column":null}}],"line":13},"3":{"loc":{"start":{"line":14,"column":2},"end":{"line":14,"column":null}},"type":"default-arg","locations":[{"start":{"line":14,"column":13},"end":{"line":14,"column":null}}],"line":14},"4":{"loc":{"start":{"line":15,"column":2},"end":{"line":15,"column":null}},"type":"default-arg","locations":[{"start":{"line":15,"column":14},"end":{"line":15,"column":null}}],"line":15}},"s":{"0":4,"1":27,"2":4},"f":{"0":27},"b":{"0":[27],"1":[27],"2":[27],"3":[27],"4":[27]},"meta":{"lastBranch":5,"lastFunction":1,"lastStatement":3,"seen":{"s:8:6:29:Infinity":0,"f:8:6:8:16":0,"b:10:12:10:Infinity":0,"b:11:9:11:Infinity":1,"b:13:9:13:Infinity":2,"b:14:13:14:Infinity":3,"b:15:14:15:Infinity":4,"s:18:2:27:Infinity":1,"s:31:0:40:Infinity":2},"fnNames":{}}}
,"C:\\Users\\zaida\\Desktop\\Umuzi capstone\\Capstone 3\\react-fitness-tracker-theZoid9\\fitness-tracker\\src\\components\\UI\\Card.jsx": {"path":"C:\\Users\\zaida\\Desktop\\Umuzi capstone\\Capstone 3\\react-fitness-tracker-theZoid9\\fitness-tracker\\src\\components\\UI\\Card.jsx","statementMap":{"0":{"start":{"line":8,"column":6},"end":{"line":22,"column":null}},"1":{"start":{"line":9,"column":2},"end":{"line":20,"column":null}},"2":{"start":{"line":16,"column":34},"end":{"line":16,"column":67}},"3":{"start":{"line":24,"column":0},"end":{"line":30,"column":null}}},"fnMap":{"0":{"name":"(anonymous_0)","decl":{"start":{"line":8,"column":6},"end":{"line":8,"column":14}},"loc":{"start":{"line":8,"column":82},"end":{"line":22,"column":null}},"line":8},"1":{"name":"(anonymous_1)","decl":{"start":{"line":16,"column":17},"end":{"line":16,"column":28}},"loc":{"start":{"line":16,"column":34},"end":{"line":16,"column":67}},"line":16}},"branchMap":{"0":{"loc":{"start":{"line":8,"column":26},"end":{"line":8,"column":42}},"type":"default-arg","locations":[{"start":{"line":8,"column":38},"end":{"line":8,"column":42}}],"line":8},"1":{"loc":{"start":{"line":8,"column":58},"end":{"line":8,"column":82}},"type":"default-arg","locations":[{"start":{"line":8,"column":70},"end":{"line":8,"column":82}}],"line":8},"2":{"loc":{"start":{"line":13,"column":13},"end":{"line":13,"column":null}},"type":"cond-expr","locations":[{"start":{"line":13,"column":25},"end":{"line":13,"column":49}},{"start":{"line":13,"column":49},"end":{"line":13,"column":null}}],"line":13},"3":{"loc":{"start":{"line":14,"column":12},"end":{"line":14,"column":null}},"type":"cond-expr","locations":[{"start":{"line":14,"column":22},"end":{"line":14,"column":33}},{"start":{"line":14,"column":33},"end":{"line":14,"column":null}}],"line":14},"4":{"loc":{"start":{"line":15,"column":16},"end":{"line":15,"column":null}},"type":"cond-expr","locations":[{"start":{"line":15,"column":26},"end":{"line":15,"column":30}},{"start":{"line":15,"column":30},"end":{"line":15,"column":null}}],"line":15},"5":{"loc":{"start":{"line":16,"column":17},"end":{"line":16,"column":null}},"type":"cond-expr","locations":[{"start":{"line":16,"column":17},"end":{"line":16,"column":67}},{"start":{"line":16,"column":67},"end":{"line":16,"column":null}}],"line":16},"6":{"loc":{"start":{"line":16,"column":34},"end":{"line":16,"column":67}},"type":"binary-expr","locations":[{"start":{"line":16,"column":34},"end":{"line":16,"column":55}},{"start":{"line":16,"column":55},"end":{"line":16,"column":67}}],"line":16},"7":{"loc":{"start":{"line":18,"column":7},"end":{"line":19,"column":null}},"type":"binary-expr","locations":[{"start":{"line":18,"column":7},"end":{"line":18,"column":16}},{"start":{"line":18,"column":16},"end":{"line":19,"column":null}}],"line":18}},"s":{"0":2,"1":42,"2":0,"3":2},"f":{"0":42,"1":0},"b":{"0":[42],"1":[42],"2":[0,42],"3":[0,42],"4":[0,42],"5":[0,42],"6":[0,0],"7":[42,36]},"meta":{"lastBranch":8,"lastFunction":2,"lastStatement":4,"seen":{"s:8:6:22:Infinity":0,"f:8:6:8:14":0,"b:8:38:8:42":0,"b:8:70:8:82":1,"s:9:2:20:Infinity":1,"b:13:25:13:49:13:49:13:Infinity":2,"b:14:22:14:33:14:33:14:Infinity":3,"b:15:26:15:30:15:30:15:Infinity":4,"b:16:17:16:67:16:67:16:Infinity":5,"f:16:17:16:28":1,"s:16:34:16:67":2,"b:16:34:16:55:16:55:16:67":6,"b:18:7:18:16:18:16:19:Infinity":7,"s:24:0:30:Infinity":3},"fnNames":{}}}
,"C:\\Users\\zaida\\Desktop\\Umuzi capstone\\Capstone 3\\react-fitness-tracker-theZoid9\\fitness-tracker\\src\\components\\UI\\UI.module.css": {"path":"C:\\Users\\zaida\\Desktop\\Umuzi capstone\\Capstone 3\\react-fitness-tracker-theZoid9\\fitness-tracker\\src\\components\\UI\\UI.module.css","statementMap":{},"fnMap":{},"branchMap":{},"s":{},"f":{},"b":{},"meta":{"lastBranch":0,"lastFunction":0,"lastStatement":0,"seen":{},"fnNames":{}}}
,"C:\\Users\\zaida\\Desktop\\Umuzi capstone\\Capstone 3\\react-fitness-tracker-theZoid9\\fitness-tracker\\src\\components\\WorkoutLog\\LogEntry.jsx": {"path":"C:\\Users\\zaida\\Desktop\\Umuzi capstone\\Capstone 3\\react-fitness-tracker-theZoid9\\fitness-tracker\\src\\components\\WorkoutLog\\LogEntry.jsx","statementMap":{"0":{"start":{"line":9,"column":6},"end":{"line":34,"column":null}},"1":{"start":{"line":10,"column":57},"end":{"line":10,"column":null}},"2":{"start":{"line":12,"column":2},"end":{"line":32,"column":null}},"3":{"start":{"line":24,"column":25},"end":{"line":24,"column":null}},"4":{"start":{"line":36,"column":0},"end":{"line":46,"column":null}}},"fnMap":{"0":{"name":"(anonymous_0)","decl":{"start":{"line":9,"column":6},"end":{"line":9,"column":18}},"loc":{"start":{"line":9,"column":40},"end":{"line":34,"column":null}},"line":9},"1":{"name":"(anonymous_1)","decl":{"start":{"line":24,"column":10},"end":{"line":24,"column":25}},"loc":{"start":{"line":24,"column":25},"end":{"line":24,"column":null}},"line":24}},"branchMap":{},"s":{"0":1,"1":2,"2":2,"3":0,"4":1},"f":{"0":2,"1":0},"b":{},"meta":{"lastBranch":0,"lastFunction":2,"lastStatement":5,"seen":{"s:9:6:34:Infinity":0,"f:9:6:9:18":0,"s:10:57:10:Infinity":1,"s:12:2:32:Infinity":2,"f:24:10:24:25":1,"s:24:25:24:Infinity":3,"s:36:0:46:Infinity":4},"fnNames":{}}}
,"C:\\Users\\zaida\\Desktop\\Umuzi capstone\\Capstone 3\\react-fitness-tracker-theZoid9\\fitness-tracker\\src\\components\\WorkoutLog\\WorkoutLog.jsx": {"path":"C:\\Users\\zaida\\Desktop\\Umuzi capstone\\Capstone 3\\react-fitness-tracker-theZoid9\\fitness-tracker\\src\\components\\WorkoutLog\\WorkoutLog.jsx","statementMap":{"0":{"start":{"line":14,"column":6},"end":{"line":180,"column":null}},"1":{"start":{"line":18,"column":54},"end":{"line":18,"column":null}},"2":{"start":{"line":19,"column":26},"end":{"line":19,"column":null}},"3":{"start":{"line":20,"column":26},"end":{"line":20,"column":null}},"4":{"start":{"line":21,"column":30},"end":{"line":21,"column":null}},"5":{"start":{"line":22,"column":28},"end":{"line":22,"column":null}},"6":{"start":{"line":25,"column":2},"end":{"line":34,"column":null}},"7":{"start":{"line":26,"column":18},"end":{"line":26,"column":null}},"8":{"start":{"line":27,"column":4},"end":{"line":33,"column":null}},"9":{"start":{"line":28,"column":6},"end":{"line":32,"column":null}},"10":{"start":{"line":29,"column":8},"end":{"line":29,"column":null}},"11":{"start":{"line":37,"column":2},"end":{"line":39,"column":null}},"12":{"start":{"line":38,"column":4},"end":{"line":38,"column":null}},"13":{"start":{"line":42,"column":8},"end":{"line":88,"column":null}},"14":{"start":{"line":43,"column":4},"end":{"line":43,"column":null}},"15":{"start":{"line":44,"column":4},"end":{"line":44,"column":null}},"16":{"start":{"line":46,"column":4},"end":{"line":49,"column":null}},"17":{"start":{"line":47,"column":6},"end":{"line":47,"column":null}},"18":{"start":{"line":48,"column":6},"end":{"line":48,"column":null}},"19":{"start":{"line":51,"column":20},"end":{"line":51,"column":null}},"20":{"start":{"line":52,"column":20},"end":{"line":52,"column":null}},"21":{"start":{"line":53,"column":22},"end":{"line":53,"column":null}},"22":{"start":{"line":55,"column":4},"end":{"line":58,"column":null}},"23":{"start":{"line":56,"column":6},"end":{"line":56,"column":null}},"24":{"start":{"line":57,"column":6},"end":{"line":57,"column":null}},"25":{"start":{"line":59,"column":4},"end":{"line":62,"column":null}},"26":{"start":{"line":60,"column":6},"end":{"line":60,"column":null}},"27":{"start":{"line":61,"column":6},"end":{"line":61,"column":null}},"28":{"start":{"line":64,"column":21},"end":{"line":64,"column":null}},"29":{"start":{"line":64,"column":44},"end":{"line":64,"column":82}},"30":{"start":{"line":65,"column":4},"end":{"line":68,"column":null}},"31":{"start":{"line":66,"column":6},"end":{"line":66,"column":null}},"32":{"start":{"line":67,"column":6},"end":{"line":67,"column":null}},"33":{"start":{"line":70,"column":19},"end":{"line":78,"column":null}},"34":{"start":{"line":81,"column":4},"end":{"line":81,"column":null}},"35":{"start":{"line":84,"column":4},"end":{"line":84,"column":null}},"36":{"start":{"line":85,"column":4},"end":{"line":85,"column":null}},"37":{"start":{"line":86,"column":4},"end":{"line":86,"column":null}},"38":{"start":{"line":87,"column":4},"end":{"line":87,"column":null}},"39":{"start":{"line":91,"column":8},"end":{"line":93,"column":null}},"40":{"start":{"line":92,"column":4},"end":{"line":92,"column":null}},"41":{"start":{"line":92,"column":53},"end":{"line":92,"column":69}},"42":{"start":{"line":95,"column":2},"end":{"line":178,"column":null}},"43":{"start":{"line":109,"column":33},"end":{"line":109,"column":null}},"44":{"start":{"line":113,"column":18},"end":{"line":113,"column":null}},"45":{"start":{"line":126,"column":33},"end":{"line":126,"column":null}},"46":{"start":{"line":138,"column":33},"end":{"line":138,"column":null}},"47":{"start":{"line":151,"column":33},"end":{"line":151,"column":null}},"48":{"start":{"line":173,"column":14},"end":{"line":173,"column":null}}},"fnMap":{"0":{"name":"(anonymous_0)","decl":{"start":{"line":14,"column":6},"end":{"line":14,"column":20}},"loc":{"start":{"line":16,"column":6},"end":{"line":180,"column":null}},"line":16},"1":{"name":"(anonymous_1)","decl":{"start":{"line":25,"column":2},"end":{"line":25,"column":18}},"loc":{"start":{"line":25,"column":18},"end":{"line":34,"column":5}},"line":25},"2":{"name":"(anonymous_2)","decl":{"start":{"line":37,"column":2},"end":{"line":37,"column":18}},"loc":{"start":{"line":37,"column":18},"end":{"line":39,"column":5}},"line":37},"3":{"name":"(anonymous_3)","decl":{"start":{"line":42,"column":8},"end":{"line":42,"column":24}},"loc":{"start":{"line":42,"column":30},"end":{"line":88,"column":null}},"line":42},"4":{"name":"(anonymous_4)","decl":{"start":{"line":64,"column":31},"end":{"line":64,"column":37}},"loc":{"start":{"line":64,"column":44},"end":{"line":64,"column":82}},"line":64},"5":{"name":"(anonymous_5)","decl":{"start":{"line":91,"column":8},"end":{"line":91,"column":24}},"loc":{"start":{"line":91,"column":34},"end":{"line":93,"column":null}},"line":91},"6":{"name":"(anonymous_6)","decl":{"start":{"line":92,"column":37},"end":{"line":92,"column":45}},"loc":{"start":{"line":92,"column":53},"end":{"line":92,"column":69}},"line":92},"7":{"name":"(anonymous_7)","decl":{"start":{"line":109,"column":16},"end":{"line":109,"column":27}},"loc":{"start":{"line":109,"column":33},"end":{"line":109,"column":null}},"line":109},"8":{"name":"(anonymous_8)","decl":{"start":{"line":112,"column":27},"end":{"line":112,"column":32}},"loc":{"start":{"line":113,"column":18},"end":{"line":113,"column":null}},"line":113},"9":{"name":"(anonymous_9)","decl":{"start":{"line":126,"column":16},"end":{"line":126,"column":27}},"loc":{"start":{"line":126,"column":33},"end":{"line":126,"column":null}},"line":126},"10":{"name":"(anonymous_10)","decl":{"start":{"line":138,"column":16},"end":{"line":138,"column":27}},"loc":{"start":{"line":138,"column":33},"end":{"line":138,"column":null}},"line":138},"11":{"name":"(anonymous_11)","decl":{"start":{"line":151,"column":16},"end":{"line":151,"column":27}},"loc":{"start":{"line":151,"column":33},"end":{"line":151,"column":null}},"line":151},"12":{"name":"(anonymous_12)","decl":{"start":{"line":172,"column":28},"end":{"line":172,"column":33}},"loc":{"start":{"line":173,"column":14},"end":{"line":173,"column":null}},"line":173}},"branchMap":{"0":{"loc":{"start":{"line":14,"column":21},"end":{"line":14,"column":36}},"type":"default-arg","locations":[{"start":{"line":14,"column":33},"end":{"line":14,"column":36}}],"line":14},"1":{"loc":{"start":{"line":14,"column":36},"end":{"line":14,"column":null}},"type":"default-arg","locations":[{"start":{"line":14,"column":53},"end":{"line":14,"column":null}}],"line":14},"2":{"loc":{"start":{"line":27,"column":4},"end":{"line":33,"column":null}},"type":"if","locations":[{"start":{"line":27,"column":4},"end":{"line":33,"column":null}},{"start":{},"end":{}}],"line":27},"3":{"loc":{"start":{"line":46,"column":4},"end":{"line":49,"column":null}},"type":"if","locations":[{"start":{"line":46,"column":4},"end":{"line":49,"column":null}},{"start":{},"end":{}}],"line":46},"4":{"loc":{"start":{"line":53,"column":22},"end":{"line":53,"column":null}},"type":"binary-expr","locations":[{"start":{"line":53,"column":22},"end":{"line":53,"column":44}},{"start":{"line":53,"column":44},"end":{"line":53,"column":null}}],"line":53},"5":{"loc":{"start":{"line":55,"column":4},"end":{"line":58,"column":null}},"type":"if","locations":[{"start":{"line":55,"column":4},"end":{"line":58,"column":null}},{"start":{},"end":{}}],"line":55},"6":{"loc":{"start":{"line":55,"column":8},"end":{"line":55,"column":33}},"type":"binary-expr","locations":[{"start":{"line":55,"column":8},"end":{"line":55,"column":20}},{"start":{"line":55,"column":20},"end":{"line":55,"column":33}}],"line":55},"7":{"loc":{"start":{"line":59,"column":4},"end":{"line":62,"column":null}},"type":"if","locations":[{"start":{"line":59,"column":4},"end":{"line":62,"column":null}},{"start":{},"end":{}}],"line":59},"8":{"loc":{"start":{"line":59,"column":8},"end":{"line":59,"column":33}},"type":"binary-expr","locations":[{"start":{"line":59,"column":8},"end":{"line":59,"column":20}},{"start":{"line":59,"column":20},"end":{"line":59,"column":33}}],"line":59},"9":{"loc":{"start":{"line":65,"column":4},"end":{"line":68,"column":null}},"type":"if","locations":[{"start":{"line":65,"column":4},"end":{"line":68,"column":null}},{"start":{},"end":{}}],"line":65},"10":{"loc":{"start":{"line":100,"column":11},"end":{"line":100,"column":null}},"type":"binary-expr","locations":[{"start":{"line":100,"column":11},"end":{"line":100,"column":20}},{"start":{"line":100,"column":20},"end":{"line":100,"column":null}}],"line":100},"11":{"loc":{"start":{"line":164,"column":9},"end":{"line":175,"column":null}},"type":"cond-expr","locations":[{"start":{"line":165,"column":10},"end":{"line":171,"column":11}},{"start":{"line":171,"column":10},"end":{"line":175,"column":null}}],"line":164}},"s":{"0":1,"1":18,"2":18,"3":18,"4":18,"5":18,"6":18,"7":4,"8":4,"9":0,"10":0,"11":18,"12":7,"13":18,"14":3,"15":3,"16":3,"17":1,"18":1,"19":2,"20":2,"21":2,"22":3,"23":0,"24":0,"25":2,"26":0,"27":0,"28":2,"29":3,"30":2,"31":0,"32":0,"33":2,"34":2,"35":2,"36":2,"37":2,"38":2,"39":18,"40":0,"41":0,"42":18,"43":2,"44":288,"45":2,"46":3,"47":4,"48":2},"f":{"0":18,"1":4,"2":7,"3":3,"4":3,"5":0,"6":0,"7":2,"8":288,"9":2,"10":3,"11":4,"12":2},"b":{"0":[18],"1":[18],"2":[0,4],"3":[1,2],"4":[2,0],"5":[0,3],"6":[3,2],"7":[0,2],"8":[2,2],"9":[0,2],"10":[18,1],"11":[16,2]},"meta":{"lastBranch":12,"lastFunction":13,"lastStatement":49,"seen":{"s:14:6:180:Infinity":0,"f:14:6:14:20":0,"b:14:33:14:36":0,"b:14:53:14:Infinity":1,"s:18:54:18:Infinity":1,"s:19:26:19:Infinity":2,"s:20:26:20:Infinity":3,"s:21:30:21:Infinity":4,"s:22:28:22:Infinity":5,"s:25:2:34:Infinity":6,"f:25:2:25:18":1,"s:26:18:26:Infinity":7,"b:27:4:33:Infinity:undefined:undefined:undefined:undefined":2,"s:27:4:33:Infinity":8,"s:28:6:32:Infinity":9,"s:29:8:29:Infinity":10,"s:37:2:39:Infinity":11,"f:37:2:37:18":2,"s:38:4:38:Infinity":12,"s:42:8:88:Infinity":13,"f:42:8:42:24":3,"s:43:4:43:Infinity":14,"s:44:4:44:Infinity":15,"b:46:4:49:Infinity:undefined:undefined:undefined:undefined":3,"s:46:4:49:Infinity":16,"s:47:6:47:Infinity":17,"s:48:6:48:Infinity":18,"s:51:20:51:Infinity":19,"s:52:20:52:Infinity":20,"s:53:22:53:Infinity":21,"b:53:22:53:44:53:44:53:Infinity":4,"b:55:4:58:Infinity:undefined:undefined:undefined:undefined":5,"s:55:4:58:Infinity":22,"b:55:8:55:20:55:20:55:33":6,"s:56:6:56:Infinity":23,"s:57:6:57:Infinity":24,"b:59:4:62:Infinity:undefined:undefined:undefined:undefined":7,"s:59:4:62:Infinity":25,"b:59:8:59:20:59:20:59:33":8,"s:60:6:60:Infinity":26,"s:61:6:61:Infinity":27,"s:64:21:64:Infinity":28,"f:64:31:64:37":4,"s:64:44:64:82":29,"b:65:4:68:Infinity:undefined:undefined:undefined:undefined":9,"s:65:4:68:Infinity":30,"s:66:6:66:Infinity":31,"s:67:6:67:Infinity":32,"s:70:19:78:Infinity":33,"s:81:4:81:Infinity":34,"s:84:4:84:Infinity":35,"s:85:4:85:Infinity":36,"s:86:4:86:Infinity":37,"s:87:4:87:Infinity":38,"s:91:8:93:Infinity":39,"f:91:8:91:24":5,"s:92:4:92:Infinity":40,"f:92:37:92:45":6,"s:92:53:92:69":41,"s:95:2:178:Infinity":42,"b:100:11:100:20:100:20:100:Infinity":10,"f:109:16:109:27":7,"s:109:33:109:Infinity":43,"f:112:27:112:32":8,"s:113:18:113:Infinity":44,"f:126:16:126:27":9,"s:126:33:126:Infinity":45,"f:138:16:138:27":10,"s:138:33:138:Infinity":46,"f:151:16:151:27":11,"s:151:33:151:Infinity":47,"b:165:10:171:11:171:10:175:Infinity":11,"f:172:28:172:33":12,"s:173:14:173:Infinity":48},"fnNames":{}}}
,"C:\\Users\\zaida\\Desktop\\Umuzi capstone\\Capstone 3\\react-fitness-tracker-theZoid9\\fitness-tracker\\src\\components\\WorkoutLog\\WorkoutLog.module.css": {"path":"C:\\Users\\zaida\\Desktop\\Umuzi capstone\\Capstone 3\\react-fitness-tracker-theZoid9\\fitness-tracker\\src\\components\\WorkoutLog\\WorkoutLog.module.css","statementMap":{},"fnMap":{},"branchMap":{},"s":{},"f":{},"b":{},"meta":{"lastBranch":0,"lastFunction":0,"lastStatement":0,"seen":{},"fnNames":{}}}
,"C:\\Users\\zaida\\Desktop\\Umuzi capstone\\Capstone 3\\react-fitness-tracker-theZoid9\\fitness-tracker\\src\\components\\WorkoutPlanner\\DayCard.jsx": {"path":"C:\\Users\\zaida\\Desktop\\Umuzi capstone\\Capstone 3\\react-fitness-tracker-theZoid9\\fitness-tracker\\src\\components\\WorkoutPlanner\\DayCard.jsx","statementMap":{"0":{"start":{"line":8,"column":6},"end":{"line":120,"column":null}},"1":{"start":{"line":14,"column":2},"end":{"line":118,"column":null}},"2":{"start":{"line":41,"column":14},"end":{"line":41,"column":null}},"3":{"start":{"line":67,"column":12},"end":{"line":110,"column":null}},"4":{"start":{"line":99,"column":18},"end":{"line":102,"column":null}},"5":{"start":{"line":122,"column":0},"end":{"line":132,"column":null}}},"fnMap":{"0":{"name":"(anonymous_0)","decl":{"start":{"line":8,"column":6},"end":{"line":8,"column":17}},"loc":{"start":{"line":13,"column":6},"end":{"line":120,"column":null}},"line":13},"1":{"name":"(anonymous_1)","decl":{"start":{"line":40,"column":12},"end":{"line":40,"column":null}},"loc":{"start":{"line":41,"column":14},"end":{"line":41,"column":null}},"line":41},"2":{"name":"(anonymous_2)","decl":{"start":{"line":65,"column":20},"end":{"line":65,"column":25}},"loc":{"start":{"line":67,"column":12},"end":{"line":110,"column":null}},"line":67},"3":{"name":"(anonymous_3)","decl":{"start":{"line":98,"column":16},"end":{"line":98,"column":null}},"loc":{"start":{"line":99,"column":18},"end":{"line":102,"column":null}},"line":99}},"branchMap":{"0":{"loc":{"start":{"line":10,"column":2},"end":{"line":10,"column":null}},"type":"default-arg","locations":[{"start":{"line":10,"column":14},"end":{"line":10,"column":null}}],"line":10},"1":{"loc":{"start":{"line":28,"column":13},"end":{"line":30,"column":null}},"type":"cond-expr","locations":[{"start":{"line":29,"column":16},"end":{"line":29,"column":null}},{"start":{"line":30,"column":16},"end":{"line":30,"column":null}}],"line":28},"2":{"loc":{"start":{"line":36,"column":9},"end":{"line":48,"column":null}},"type":"binary-expr","locations":[{"start":{"line":36,"column":9},"end":{"line":36,"column":null}},{"start":{"line":37,"column":10},"end":{"line":48,"column":null}}],"line":36},"3":{"loc":{"start":{"line":53,"column":9},"end":{"line":112,"column":null}},"type":"cond-expr","locations":[{"start":{"line":59,"column":10},"end":{"line":65,"column":20}},{"start":{"line":65,"column":10},"end":{"line":112,"column":null}}],"line":53}},"s":{"0":1,"1":6,"2":0,"3":4,"4":1,"5":1},"f":{"0":6,"1":0,"2":4,"3":1},"b":{"0":[6],"1":[4,2],"2":[6,3],"3":[3,3]},"meta":{"lastBranch":4,"lastFunction":4,"lastStatement":6,"seen":{"s:8:6:120:Infinity":0,"f:8:6:8:17":0,"b:10:14:10:Infinity":0,"s:14:2:118:Infinity":1,"b:29:16:29:Infinity:30:16:30:Infinity":1,"b:36:9:36:Infinity:37:10:48:Infinity":2,"f:40:12:40:Infinity":1,"s:41:14:41:Infinity":2,"b:59:10:65:20:65:10:112:Infinity":3,"f:65:20:65:25":2,"s:67:12:110:Infinity":3,"f:98:16:98:Infinity":3,"s:99:18:102:Infinity":4,"s:122:0:132:Infinity":5},"fnNames":{}}}
,"C:\\Users\\zaida\\Desktop\\Umuzi capstone\\Capstone 3\\react-fitness-tracker-theZoid9\\fitness-tracker\\src\\components\\WorkoutPlanner\\WorkoutPlanner.module.css": {"path":"C:\\Users\\zaida\\Desktop\\Umuzi capstone\\Capstone 3\\react-fitness-tracker-theZoid9\\fitness-tracker\\src\\components\\WorkoutPlanner\\WorkoutPlanner.module.css","statementMap":{},"fnMap":{},"branchMap":{},"s":{},"f":{},"b":{},"meta":{"lastBranch":0,"lastFunction":0,"lastStatement":0,"seen":{},"fnNames":{}}}
,"C:\\Users\\zaida\\Desktop\\Umuzi capstone\\Capstone 3\\react-fitness-tracker-theZoid9\\fitness-tracker\\src\\components\\common\\Header.jsx": {"path":"C:\\Users\\zaida\\Desktop\\Umuzi capstone\\Capstone 3\\react-fitness-tracker-theZoid9\\fitness-tracker\\src\\components\\common\\Header.jsx","statementMap":{"0":{"start":{"line":7,"column":6},"end":{"line":14,"column":null}},"1":{"start":{"line":8,"column":2},"end":{"line":12,"column":null}}},"fnMap":{"0":{"name":"(anonymous_0)","decl":{"start":{"line":7,"column":6},"end":{"line":7,"column":16}},"loc":{"start":{"line":7,"column":95},"end":{"line":14,"column":null}},"line":7}},"branchMap":{"0":{"loc":{"start":{"line":7,"column":18},"end":{"line":7,"column":44}},"type":"default-arg","locations":[{"start":{"line":7,"column":26},"end":{"line":7,"column":44}}],"line":7},"1":{"loc":{"start":{"line":7,"column":44},"end":{"line":7,"column":95}},"type":"default-arg","locations":[{"start":{"line":7,"column":55},"end":{"line":7,"column":95}}],"line":7},"2":{"loc":{"start":{"line":11,"column":7},"end":{"line":12,"column":null}},"type":"binary-expr","locations":[{"start":{"line":11,"column":7},"end":{"line":11,"column":19}},{"start":{"line":11,"column":19},"end":{"line":12,"column":null}}],"line":11}},"s":{"0":1,"1":1},"f":{"0":1},"b":{"0":[1],"1":[1],"2":[1,1]},"meta":{"lastBranch":3,"lastFunction":1,"lastStatement":2,"seen":{"s:7:6:14:Infinity":0,"f:7:6:7:16":0,"b:7:26:7:44":0,"b:7:55:7:95":1,"s:8:2:12:Infinity":1,"b:11:7:11:19:11:19:12:Infinity":2},"fnNames":{}}}
,"C:\\Users\\zaida\\Desktop\\Umuzi capstone\\Capstone 3\\react-fitness-tracker-theZoid9\\fitness-tracker\\src\\components\\common\\common.module.css": {"path":"C:\\Users\\zaida\\Desktop\\Umuzi capstone\\Capstone 3\\react-fitness-tracker-theZoid9\\fitness-tracker\\src\\components\\common\\common.module.css","statementMap":{},"fnMap":{},"branchMap":{},"s":{},"f":{},"b":{},"meta":{"lastBranch":0,"lastFunction":0,"lastStatement":0,"seen":{},"fnNames":{}}}
,"C:\\Users\\zaida\\Desktop\\Umuzi capstone\\Capstone 3\\react-fitness-tracker-theZoid9\\fitness-tracker\\src\\components\\data\\audioData.js": {"path":"C:\\Users\\zaida\\Desktop\\Umuzi capstone\\Capstone 3\\react-fitness-tracker-theZoid9\\fitness-tracker\\src\\components\\data\\audioData.js","statementMap":{"0":{"start":{"line":1,"column":18},"end":{"line":23,"column":null}}},"fnMap":{},"branchMap":{},"s":{"0":1},"f":{},"b":{},"meta":{"lastBranch":0,"lastFunction":0,"lastStatement":1,"seen":{"s:1:18:23:Infinity":0},"fnNames":{}}}
,"C:\\Users\\zaida\\Desktop\\Umuzi capstone\\Capstone 3\\react-fitness-tracker-theZoid9\\fitness-tracker\\src\\components\\data\\exercisesData.js": {"path":"C:\\Users\\zaida\\Desktop\\Umuzi capstone\\Capstone 3\\react-fitness-tracker-theZoid9\\fitness-tracker\\src\\components\\data\\exercisesData.js","statementMap":{"0":{"start":{"line":4,"column":22},"end":{"line":358,"column":null}}},"fnMap":{},"branchMap":{},"s":{"0":2},"f":{},"b":{},"meta":{"lastBranch":0,"lastFunction":0,"lastStatement":1,"seen":{"s:4:22:358:Infinity":0},"fnNames":{}}}
,"C:\\Users\\zaida\\Desktop\\Umuzi capstone\\Capstone 3\\react-fitness-tracker-theZoid9\\fitness-tracker\\src\\components\\pages\\ExercisePage.jsx": {"path":"C:\\Users\\zaida\\Desktop\\Umuzi capstone\\Capstone 3\\react-fitness-tracker-theZoid9\\fitness-tracker\\src\\components\\pages\\ExercisePage.jsx","statementMap":{"0":{"start":{"line":8,"column":6},"end":{"line":107,"column":null}},"1":{"start":{"line":13,"column":36},"end":{"line":13,"column":null}},"2":{"start":{"line":14,"column":36},"end":{"line":14,"column":null}},"3":{"start":{"line":16,"column":19},"end":{"line":16,"column":31}},"4":{"start":{"line":18,"column":2},"end":{"line":25,"column":null}},"5":{"start":{"line":19,"column":18},"end":{"line":22,"column":null}},"6":{"start":{"line":20,"column":6},"end":{"line":20,"column":null}},"7":{"start":{"line":21,"column":6},"end":{"line":21,"column":null}},"8":{"start":{"line":24,"column":4},"end":{"line":24,"column":null}},"9":{"start":{"line":24,"column":17},"end":{"line":24,"column":null}},"10":{"start":{"line":27,"column":8},"end":{"line":29,"column":null}},"11":{"start":{"line":28,"column":4},"end":{"line":28,"column":null}},"12":{"start":{"line":31,"column":8},"end":{"line":70,"column":null}},"13":{"start":{"line":34,"column":6},"end":{"line":34,"column":null}},"14":{"start":{"line":37,"column":6},"end":{"line":40,"column":null}},"15":{"start":{"line":39,"column":10},"end":{"line":39,"column":null}},"16":{"start":{"line":46,"column":4},"end":{"line":56,"column":null}},"17":{"start":{"line":48,"column":6},"end":{"line":53,"column":null}},"18":{"start":{"line":55,"column":6},"end":{"line":55,"column":null}},"19":{"start":{"line":62,"column":4},"end":{"line":62,"column":null}},"20":{"start":{"line":64,"column":4},"end":{"line":69,"column":null}},"21":{"start":{"line":72,"column":19},"end":{"line":74,"column":null}},"22":{"start":{"line":76,"column":2},"end":{"line":105,"column":null}}},"fnMap":{"0":{"name":"(anonymous_0)","decl":{"start":{"line":8,"column":6},"end":{"line":8,"column":23}},"loc":{"start":{"line":11,"column":6},"end":{"line":107,"column":null}},"line":11},"1":{"name":"(anonymous_1)","decl":{"start":{"line":18,"column":2},"end":{"line":18,"column":18}},"loc":{"start":{"line":18,"column":18},"end":{"line":25,"column":5}},"line":18},"2":{"name":"(anonymous_2)","decl":{"start":{"line":19,"column":18},"end":{"line":19,"column":35}},"loc":{"start":{"line":19,"column":35},"end":{"line":22,"column":7}},"line":19},"3":{"name":"(anonymous_3)","decl":{"start":{"line":24,"column":4},"end":{"line":24,"column":17}},"loc":{"start":{"line":24,"column":17},"end":{"line":24,"column":null}},"line":24},"4":{"name":"(anonymous_4)","decl":{"start":{"line":27,"column":8},"end":{"line":27,"column":32}},"loc":{"start":{"line":27,"column":39},"end":{"line":29,"column":null}},"line":27},"5":{"name":"(anonymous_5)","decl":{"start":{"line":31,"column":8},"end":{"line":31,"column":27}},"loc":{"start":{"line":31,"column":45},"end":{"line":70,"column":null}},"line":31},"6":{"name":"(anonymous_6)","decl":{"start":{"line":37,"column":19},"end":{"line":37,"column":null}},"loc":{"start":{"line":39,"column":10},"end":{"line":39,"column":null}},"line":39}},"branchMap":{"0":{"loc":{"start":{"line":34,"column":6},"end":{"line":34,"column":null}},"type":"binary-expr","locations":[{"start":{"line":34,"column":6},"end":{"line":34,"column":28}},{"start":{"line":34,"column":28},"end":{"line":34,"column":null}}],"line":34},"1":{"loc":{"start":{"line":46,"column":4},"end":{"line":56,"column":null}},"type":"if","locations":[{"start":{"line":46,"column":4},"end":{"line":56,"column":null}},{"start":{},"end":{}}],"line":46},"2":{"loc":{"start":{"line":72,"column":19},"end":{"line":74,"column":null}},"type":"cond-expr","locations":[{"start":{"line":73,"column":6},"end":{"line":73,"column":null}},{"start":{"line":74,"column":6},"end":{"line":74,"column":null}}],"line":72}},"s":{"0":1,"1":8,"2":8,"3":8,"4":8,"5":4,"6":4,"7":4,"8":4,"9":4,"10":8,"11":1,"12":8,"13":2,"14":2,"15":1,"16":2,"17":1,"18":1,"19":1,"20":1,"21":8,"22":8},"f":{"0":8,"1":4,"2":4,"3":4,"4":1,"5":2,"6":1},"b":{"0":[2,1],"1":[1,1],"2":[8,0]},"meta":{"lastBranch":3,"lastFunction":7,"lastStatement":23,"seen":{"s:8:6:107:Infinity":0,"f:8:6:8:23":0,"s:13:36:13:Infinity":1,"s:14:36:14:Infinity":2,"s:16:19:16:31":3,"s:18:2:25:Infinity":4,"f:18:2:18:18":1,"s:19:18:22:Infinity":5,"f:19:18:19:35":2,"s:20:6:20:Infinity":6,"s:21:6:21:Infinity":7,"s:24:4:24:Infinity":8,"f:24:4:24:17":3,"s:24:17:24:Infinity":9,"s:27:8:29:Infinity":10,"f:27:8:27:32":4,"s:28:4:28:Infinity":11,"s:31:8:70:Infinity":12,"f:31:8:31:27":5,"s:34:6:34:Infinity":13,"b:34:6:34:28:34:28:34:Infinity":0,"s:37:6:40:Infinity":14,"f:37:19:37:Infinity":6,"s:39:10:39:Infinity":15,"b:46:4:56:Infinity:undefined:undefined:undefined:undefined":1,"s:46:4:56:Infinity":16,"s:48:6:53:Infinity":17,"s:55:6:55:Infinity":18,"s:62:4:62:Infinity":19,"s:64:4:69:Infinity":20,"s:72:19:74:Infinity":21,"b:73:6:73:Infinity:74:6:74:Infinity":2,"s:76:2:105:Infinity":22},"fnNames":{}}}
,"C:\\Users\\zaida\\Desktop\\Umuzi capstone\\Capstone 3\\react-fitness-tracker-theZoid9\\fitness-tracker\\src\\components\\pages\\Home.jsx": {"path":"C:\\Users\\zaida\\Desktop\\Umuzi capstone\\Capstone 3\\react-fitness-tracker-theZoid9\\fitness-tracker\\src\\components\\pages\\Home.jsx","statementMap":{"0":{"start":{"line":13,"column":19},"end":{"line":21,"column":null}},"1":{"start":{"line":23,"column":6},"end":{"line":282,"column":null}},"2":{"start":{"line":28,"column":36},"end":{"line":28,"column":null}},"3":{"start":{"line":34,"column":38},"end":{"line":34,"column":null}},"4":{"start":{"line":35,"column":36},"end":{"line":35,"column":null}},"5":{"start":{"line":41,"column":2},"end":{"line":47,"column":null}},"6":{"start":{"line":42,"column":18},"end":{"line":44,"column":null}},"7":{"start":{"line":43,"column":6},"end":{"line":43,"column":null}},"8":{"start":{"line":46,"column":4},"end":{"line":46,"column":null}},"9":{"start":{"line":46,"column":17},"end":{"line":46,"column":null}},"10":{"start":{"line":53,"column":2},"end":{"line":71,"column":null}},"11":{"start":{"line":54,"column":18},"end":{"line":68,"column":null}},"12":{"start":{"line":56,"column":6},"end":{"line":56,"column":null}},"13":{"start":{"line":59,"column":29},"end":{"line":65,"column":null}},"14":{"start":{"line":60,"column":8},"end":{"line":62,"column":null}},"15":{"start":{"line":61,"column":11},"end":{"line":61,"column":null}},"16":{"start":{"line":64,"column":8},"end":{"line":64,"column":null}},"17":{"start":{"line":67,"column":6},"end":{"line":67,"column":null}},"18":{"start":{"line":67,"column":19},"end":{"line":67,"column":null}},"19":{"start":{"line":70,"column":4},"end":{"line":70,"column":null}},"20":{"start":{"line":70,"column":17},"end":{"line":70,"column":null}},"21":{"start":{"line":77,"column":2},"end":{"line":85,"column":null}},"22":{"start":{"line":78,"column":4},"end":{"line":83,"column":null}},"23":{"start":{"line":92,"column":4},"end":{"line":92,"column":null}},"24":{"start":{"line":95,"column":4},"end":{"line":97,"column":null}},"25":{"start":{"line":96,"column":15},"end":{"line":96,"column":null}},"26":{"start":{"line":99,"column":8},"end":{"line":100,"column":null}},"27":{"start":{"line":106,"column":2},"end":{"line":280,"column":null}},"28":{"start":{"line":243,"column":14},"end":{"line":249,"column":null}}},"fnMap":{"0":{"name":"(anonymous_0)","decl":{"start":{"line":23,"column":6},"end":{"line":23,"column":14}},"loc":{"start":{"line":23,"column":50},"end":{"line":282,"column":null}},"line":23},"1":{"name":"(anonymous_1)","decl":{"start":{"line":41,"column":2},"end":{"line":41,"column":18}},"loc":{"start":{"line":41,"column":18},"end":{"line":47,"column":5}},"line":41},"2":{"name":"(anonymous_2)","decl":{"start":{"line":42,"column":18},"end":{"line":42,"column":35}},"loc":{"start":{"line":42,"column":35},"end":{"line":44,"column":7}},"line":42},"3":{"name":"(anonymous_3)","decl":{"start":{"line":46,"column":4},"end":{"line":46,"column":17}},"loc":{"start":{"line":46,"column":17},"end":{"line":46,"column":null}},"line":46},"4":{"name":"(anonymous_4)","decl":{"start":{"line":53,"column":2},"end":{"line":53,"column":18}},"loc":{"start":{"line":53,"column":18},"end":{"line":71,"column":5}},"line":53},"5":{"name":"(anonymous_5)","decl":{"start":{"line":54,"column":18},"end":{"line":54,"column":36}},"loc":{"start":{"line":54,"column":36},"end":{"line":68,"column":7}},"line":54},"6":{"name":"(anonymous_6)","decl":{"start":{"line":59,"column":29},"end":{"line":59,"column":46}},"loc":{"start":{"line":59,"column":46},"end":{"line":65,"column":9}},"line":59},"7":{"name":"(anonymous_7)","decl":{"start":{"line":60,"column":8},"end":{"line":60,"column":null}},"loc":{"start":{"line":61,"column":11},"end":{"line":61,"column":null}},"line":61},"8":{"name":"(anonymous_8)","decl":{"start":{"line":67,"column":6},"end":{"line":67,"column":19}},"loc":{"start":{"line":67,"column":19},"end":{"line":67,"column":null}},"line":67},"9":{"name":"(anonymous_9)","decl":{"start":{"line":70,"column":4},"end":{"line":70,"column":17}},"loc":{"start":{"line":70,"column":17},"end":{"line":70,"column":null}},"line":70},"10":{"name":"(anonymous_10)","decl":{"start":{"line":95,"column":37},"end":{"line":95,"column":null}},"loc":{"start":{"line":96,"column":15},"end":{"line":96,"column":null}},"line":96},"11":{"name":"(anonymous_11)","decl":{"start":{"line":242,"column":23},"end":{"line":242,"column":28}},"loc":{"start":{"line":243,"column":14},"end":{"line":249,"column":null}},"line":243}},"branchMap":{"0":{"loc":{"start":{"line":77,"column":2},"end":{"line":85,"column":null}},"type":"if","locations":[{"start":{"line":77,"column":2},"end":{"line":85,"column":null}},{"start":{},"end":{}}],"line":77},"1":{"loc":{"start":{"line":92,"column":18},"end":{"line":92,"column":35}},"type":"binary-expr","locations":[{"start":{"line":92,"column":18},"end":{"line":92,"column":33}},{"start":{"line":92,"column":33},"end":{"line":92,"column":35}}],"line":92},"2":{"loc":{"start":{"line":95,"column":18},"end":{"line":95,"column":35}},"type":"binary-expr","locations":[{"start":{"line":95,"column":18},"end":{"line":95,"column":33}},{"start":{"line":95,"column":33},"end":{"line":95,"column":35}}],"line":95},"3":{"loc":{"start":{"line":100,"column":5},"end":{"line":100,"column":25}},"type":"binary-expr","locations":[{"start":{"line":100,"column":5},"end":{"line":100,"column":23}},{"start":{"line":100,"column":23},"end":{"line":100,"column":25}}],"line":100},"4":{"loc":{"start":{"line":125,"column":12},"end":{"line":127,"column":null}},"type":"cond-expr","locations":[{"start":{"line":126,"column":16},"end":{"line":126,"column":null}},{"start":{"line":127,"column":16},"end":{"line":127,"column":null}}],"line":125}},"s":{"0":1,"1":1,"2":8,"3":8,"4":8,"5":8,"6":4,"7":4,"8":4,"9":4,"10":8,"11":4,"12":0,"13":0,"14":0,"15":0,"16":0,"17":0,"18":0,"19":4,"20":4,"21":8,"22":4,"23":4,"24":8,"25":3,"26":8,"27":8,"28":12},"f":{"0":8,"1":4,"2":4,"3":4,"4":4,"5":0,"6":0,"7":0,"8":0,"9":4,"10":3,"11":12},"b":{"0":[4,4],"1":[4,0],"2":[8,0],"3":[8,0],"4":[4,0]},"meta":{"lastBranch":5,"lastFunction":12,"lastStatement":29,"seen":{"s:13:19:21:Infinity":0,"s:23:6:282:Infinity":1,"f:23:6:23:14":0,"s:28:36:28:Infinity":2,"s:34:38:34:Infinity":3,"s:35:36:35:Infinity":4,"s:41:2:47:Infinity":5,"f:41:2:41:18":1,"s:42:18:44:Infinity":6,"f:42:18:42:35":2,"s:43:6:43:Infinity":7,"s:46:4:46:Infinity":8,"f:46:4:46:17":3,"s:46:17:46:Infinity":9,"s:53:2:71:Infinity":10,"f:53:2:53:18":4,"s:54:18:68:Infinity":11,"f:54:18:54:36":5,"s:56:6:56:Infinity":12,"s:59:29:65:Infinity":13,"f:59:29:59:46":6,"s:60:8:62:Infinity":14,"f:60:8:60:Infinity":7,"s:61:11:61:Infinity":15,"s:64:8:64:Infinity":16,"s:67:6:67:Infinity":17,"f:67:6:67:19":8,"s:67:19:67:Infinity":18,"s:70:4:70:Infinity":19,"f:70:4:70:17":9,"s:70:17:70:Infinity":20,"b:77:2:85:Infinity:undefined:undefined:undefined:undefined":0,"s:77:2:85:Infinity":21,"s:78:4:83:Infinity":22,"s:92:4:92:Infinity":23,"b:92:18:92:33:92:33:92:35":1,"s:95:4:97:Infinity":24,"b:95:18:95:33:95:33:95:35":2,"f:95:37:95:Infinity":10,"s:96:15:96:Infinity":25,"s:99:8:100:Infinity":26,"b:100:5:100:23:100:23:100:25":3,"s:106:2:280:Infinity":27,"b:126:16:126:Infinity:127:16:127:Infinity":4,"f:242:23:242:28":11,"s:243:14:249:Infinity":28},"fnNames":{}}}
,"C:\\Users\\zaida\\Desktop\\Umuzi capstone\\Capstone 3\\react-fitness-tracker-theZoid9\\fitness-tracker\\src\\components\\pages\\Home.module.css": {"path":"C:\\Users\\zaida\\Desktop\\Umuzi capstone\\Capstone 3\\react-fitness-tracker-theZoid9\\fitness-tracker\\src\\components\\pages\\Home.module.css","statementMap":{},"fnMap":{},"branchMap":{},"s":{},"f":{},"b":{},"meta":{"lastBranch":0,"lastFunction":0,"lastStatement":0,"seen":{},"fnNames":{}}}
,"C:\\Users\\zaida\\Desktop\\Umuzi capstone\\Capstone 3\\react-fitness-tracker-theZoid9\\fitness-tracker\\src\\components\\pages\\NotFound.jsx": {"path":"C:\\Users\\zaida\\Desktop\\Umuzi capstone\\Capstone 3\\react-fitness-tracker-theZoid9\\fitness-tracker\\src\\components\\pages\\NotFound.jsx","statementMap":{"0":{"start":{"line":9,"column":6},"end":{"line":23,"column":null}},"1":{"start":{"line":10,"column":19},"end":{"line":10,"column":31}},"2":{"start":{"line":12,"column":2},"end":{"line":21,"column":null}},"3":{"start":{"line":20,"column":29},"end":{"line":20,"column":44}}},"fnMap":{"0":{"name":"(anonymous_0)","decl":{"start":{"line":9,"column":6},"end":{"line":9,"column":23}},"loc":{"start":{"line":9,"column":23},"end":{"line":23,"column":null}},"line":9},"1":{"name":"(anonymous_1)","decl":{"start":{"line":20,"column":14},"end":{"line":20,"column":29}},"loc":{"start":{"line":20,"column":29},"end":{"line":20,"column":44}},"line":20}},"branchMap":{},"s":{"0":1,"1":1,"2":1,"3":0},"f":{"0":1,"1":0},"b":{},"meta":{"lastBranch":0,"lastFunction":2,"lastStatement":4,"seen":{"s:9:6:23:Infinity":0,"f:9:6:9:23":0,"s:10:19:10:31":1,"s:12:2:21:Infinity":2,"f:20:14:20:29":1,"s:20:29:20:44":3},"fnNames":{}}}
,"C:\\Users\\zaida\\Desktop\\Umuzi capstone\\Capstone 3\\react-fitness-tracker-theZoid9\\fitness-tracker\\src\\components\\utils\\helpers.js": {"path":"C:\\Users\\zaida\\Desktop\\Umuzi capstone\\Capstone 3\\react-fitness-tracker-theZoid9\\fitness-tracker\\src\\components\\utils\\helpers.js","statementMap":{"0":{"start":{"line":9,"column":13},"end":{"line":16,"column":null}},"1":{"start":{"line":10,"column":2},"end":{"line":10,"column":null}},"2":{"start":{"line":10,"column":32},"end":{"line":10,"column":null}},"3":{"start":{"line":11,"column":18},"end":{"line":11,"column":null}},"4":{"start":{"line":12,"column":27},"end":{"line":12,"column":null}},"5":{"start":{"line":13,"column":2},"end":{"line":13,"column":null}},"6":{"start":{"line":13,"column":43},"end":{"line":13,"column":null}},"7":{"start":{"line":14,"column":2},"end":{"line":14,"column":null}},"8":{"start":{"line":14,"column":19},"end":{"line":14,"column":null}},"9":{"start":{"line":15,"column":2},"end":{"line":15,"column":null}},"10":{"start":{"line":21,"column":13},"end":{"line":29,"column":null}},"11":{"start":{"line":22,"column":2},"end":{"line":22,"column":null}},"12":{"start":{"line":22,"column":19},"end":{"line":22,"column":null}},"13":{"start":{"line":23,"column":15},"end":{"line":23,"column":null}},"14":{"start":{"line":24,"column":2},"end":{"line":28,"column":null}},"15":{"start":{"line":35,"column":13},"end":{"line":38,"column":null}},"16":{"start":{"line":36,"column":2},"end":{"line":36,"column":null}},"17":{"start":{"line":36,"column":55},"end":{"line":36,"column":null}},"18":{"start":{"line":37,"column":2},"end":{"line":37,"column":null}},"19":{"start":{"line":43,"column":13},"end":{"line":47,"column":null}},"20":{"start":{"line":44,"column":2},"end":{"line":44,"column":null}},"21":{"start":{"line":44,"column":17},"end":{"line":44,"column":null}},"22":{"start":{"line":45,"column":45},"end":{"line":45,"column":null}},"23":{"start":{"line":46,"column":2},"end":{"line":46,"column":null}},"24":{"start":{"line":52,"column":13},"end":{"line":59,"column":null}},"25":{"start":{"line":53,"column":17},"end":{"line":57,"column":null}},"26":{"start":{"line":58,"column":2},"end":{"line":58,"column":null}},"27":{"start":{"line":64,"column":13},"end":{"line":67,"column":null}},"28":{"start":{"line":65,"column":2},"end":{"line":65,"column":null}},"29":{"start":{"line":65,"column":12},"end":{"line":65,"column":null}},"30":{"start":{"line":66,"column":2},"end":{"line":66,"column":null}},"31":{"start":{"line":72,"column":13},"end":{"line":74,"column":null}},"32":{"start":{"line":73,"column":2},"end":{"line":73,"column":null}},"33":{"start":{"line":79,"column":13},"end":{"line":91,"column":null}},"34":{"start":{"line":80,"column":89},"end":{"line":80,"column":null}},"35":{"start":{"line":82,"column":2},"end":{"line":90,"column":null}},"36":{"start":{"line":83,"column":26},"end":{"line":84,"column":null}},"37":{"start":{"line":85,"column":28},"end":{"line":85,"column":null}},"38":{"start":{"line":86,"column":26},"end":{"line":86,"column":null}},"39":{"start":{"line":87,"column":30},"end":{"line":87,"column":null}},"40":{"start":{"line":89,"column":4},"end":{"line":89,"column":null}},"41":{"start":{"line":96,"column":13},"end":{"line":102,"column":null}},"42":{"start":{"line":97,"column":2},"end":{"line":101,"column":null}},"43":{"start":{"line":98,"column":4},"end":{"line":98,"column":null}},"44":{"start":{"line":98,"column":29},"end":{"line":98,"column":null}},"45":{"start":{"line":99,"column":4},"end":{"line":99,"column":null}},"46":{"start":{"line":99,"column":29},"end":{"line":99,"column":null}},"47":{"start":{"line":100,"column":4},"end":{"line":100,"column":null}},"48":{"start":{"line":107,"column":13},"end":{"line":109,"column":null}},"49":{"start":{"line":108,"column":2},"end":{"line":108,"column":null}},"50":{"start":{"line":108,"column":49},"end":{"line":108,"column":64}}},"fnMap":{"0":{"name":"(anonymous_0)","decl":{"start":{"line":9,"column":13},"end":{"line":9,"column":31}},"loc":{"start":{"line":9,"column":43},"end":{"line":16,"column":null}},"line":9},"1":{"name":"(anonymous_1)","decl":{"start":{"line":21,"column":13},"end":{"line":21,"column":27}},"loc":{"start":{"line":21,"column":42},"end":{"line":29,"column":null}},"line":21},"2":{"name":"(anonymous_2)","decl":{"start":{"line":35,"column":13},"end":{"line":35,"column":37}},"loc":{"start":{"line":35,"column":50},"end":{"line":38,"column":null}},"line":35},"3":{"name":"(anonymous_3)","decl":{"start":{"line":43,"column":13},"end":{"line":43,"column":32}},"loc":{"start":{"line":43,"column":45},"end":{"line":47,"column":null}},"line":43},"4":{"name":"(anonymous_4)","decl":{"start":{"line":52,"column":13},"end":{"line":52,"column":35}},"loc":{"start":{"line":52,"column":50},"end":{"line":59,"column":null}},"line":52},"5":{"name":"(anonymous_5)","decl":{"start":{"line":64,"column":13},"end":{"line":64,"column":27}},"loc":{"start":{"line":64,"column":35},"end":{"line":67,"column":null}},"line":64},"6":{"name":"(anonymous_6)","decl":{"start":{"line":72,"column":13},"end":{"line":72,"column":32}},"loc":{"start":{"line":72,"column":32},"end":{"line":74,"column":null}},"line":72},"7":{"name":"(anonymous_7)","decl":{"start":{"line":79,"column":13},"end":{"line":79,"column":32}},"loc":{"start":{"line":79,"column":55},"end":{"line":91,"column":null}},"line":79},"8":{"name":"(anonymous_8)","decl":{"start":{"line":82,"column":19},"end":{"line":82,"column":27}},"loc":{"start":{"line":82,"column":40},"end":{"line":90,"column":3}},"line":82},"9":{"name":"(anonymous_9)","decl":{"start":{"line":96,"column":13},"end":{"line":96,"column":30}},"loc":{"start":{"line":96,"column":79},"end":{"line":102,"column":null}},"line":96},"10":{"name":"(anonymous_10)","decl":{"start":{"line":97,"column":24},"end":{"line":97,"column":30}},"loc":{"start":{"line":97,"column":39},"end":{"line":101,"column":3}},"line":97},"11":{"name":"(anonymous_11)","decl":{"start":{"line":107,"column":13},"end":{"line":107,"column":32}},"loc":{"start":{"line":107,"column":53},"end":{"line":109,"column":null}},"line":107},"12":{"name":"(anonymous_12)","decl":{"start":{"line":108,"column":31},"end":{"line":108,"column":36}},"loc":{"start":{"line":108,"column":49},"end":{"line":108,"column":64}},"line":108}},"branchMap":{"0":{"loc":{"start":{"line":10,"column":2},"end":{"line":10,"column":null}},"type":"if","locations":[{"start":{"line":10,"column":2},"end":{"line":10,"column":null}},{"start":{},"end":{}}],"line":10},"1":{"loc":{"start":{"line":10,"column":6},"end":{"line":10,"column":32}},"type":"binary-expr","locations":[{"start":{"line":10,"column":6},"end":{"line":10,"column":18}},{"start":{"line":10,"column":18},"end":{"line":10,"column":32}}],"line":10},"2":{"loc":{"start":{"line":13,"column":2},"end":{"line":13,"column":null}},"type":"if","locations":[{"start":{"line":13,"column":2},"end":{"line":13,"column":null}},{"start":{},"end":{}}],"line":13},"3":{"loc":{"start":{"line":13,"column":6},"end":{"line":13,"column":43}},"type":"binary-expr","locations":[{"start":{"line":13,"column":6},"end":{"line":13,"column":21}},{"start":{"line":13,"column":21},"end":{"line":13,"column":43}}],"line":13},"4":{"loc":{"start":{"line":14,"column":2},"end":{"line":14,"column":null}},"type":"if","locations":[{"start":{"line":14,"column":2},"end":{"line":14,"column":null}},{"start":{},"end":{}}],"line":14},"5":{"loc":{"start":{"line":22,"column":2},"end":{"line":22,"column":null}},"type":"if","locations":[{"start":{"line":22,"column":2},"end":{"line":22,"column":null}},{"start":{},"end":{}}],"line":22},"6":{"loc":{"start":{"line":36,"column":2},"end":{"line":36,"column":null}},"type":"if","locations":[{"start":{"line":36,"column":2},"end":{"line":36,"column":null}},{"start":{},"end":{}}],"line":36},"7":{"loc":{"start":{"line":36,"column":6},"end":{"line":36,"column":55}},"type":"binary-expr","locations":[{"start":{"line":36,"column":6},"end":{"line":36,"column":19}},{"start":{"line":36,"column":19},"end":{"line":36,"column":39}},{"start":{"line":36,"column":39},"end":{"line":36,"column":55}}],"line":36},"8":{"loc":{"start":{"line":44,"column":2},"end":{"line":44,"column":null}},"type":"if","locations":[{"start":{"line":44,"column":2},"end":{"line":44,"column":null}},{"start":{},"end":{}}],"line":44},"9":{"loc":{"start":{"line":45,"column":10},"end":{"line":45,"column":20}},"type":"default-arg","locations":[{"start":{"line":45,"column":17},"end":{"line":45,"column":20}}],"line":45},"10":{"loc":{"start":{"line":45,"column":20},"end":{"line":45,"column":30}},"type":"default-arg","locations":[{"start":{"line":45,"column":27},"end":{"line":45,"column":30}}],"line":45},"11":{"loc":{"start":{"line":45,"column":30},"end":{"line":45,"column":45}},"type":"default-arg","locations":[{"start":{"line":45,"column":39},"end":{"line":45,"column":45}}],"line":45},"12":{"loc":{"start":{"line":58,"column":9},"end":{"line":58,"column":null}},"type":"binary-expr","locations":[{"start":{"line":58,"column":9},"end":{"line":58,"column":31}},{"start":{"line":58,"column":31},"end":{"line":58,"column":null}}],"line":58},"13":{"loc":{"start":{"line":65,"column":2},"end":{"line":65,"column":null}},"type":"if","locations":[{"start":{"line":65,"column":2},"end":{"line":65,"column":null}},{"start":{},"end":{}}],"line":65},"14":{"loc":{"start":{"line":80,"column":10},"end":{"line":80,"column":27}},"type":"default-arg","locations":[{"start":{"line":80,"column":23},"end":{"line":80,"column":27}}],"line":80},"15":{"loc":{"start":{"line":80,"column":27},"end":{"line":80,"column":45}},"type":"default-arg","locations":[{"start":{"line":80,"column":38},"end":{"line":80,"column":45}}],"line":80},"16":{"loc":{"start":{"line":80,"column":45},"end":{"line":80,"column":66}},"type":"default-arg","locations":[{"start":{"line":80,"column":59},"end":{"line":80,"column":66}}],"line":80},"17":{"loc":{"start":{"line":80,"column":66},"end":{"line":80,"column":89}},"type":"default-arg","locations":[{"start":{"line":80,"column":79},"end":{"line":80,"column":89}}],"line":80},"18":{"loc":{"start":{"line":83,"column":26},"end":{"line":84,"column":null}},"type":"binary-expr","locations":[{"start":{"line":83,"column":26},"end":{"line":83,"column":null}},{"start":{"line":84,"column":6},"end":{"line":84,"column":null}}],"line":83},"19":{"loc":{"start":{"line":85,"column":28},"end":{"line":85,"column":null}},"type":"binary-expr","locations":[{"start":{"line":85,"column":28},"end":{"line":85,"column":50}},{"start":{"line":85,"column":50},"end":{"line":85,"column":null}}],"line":85},"20":{"loc":{"start":{"line":86,"column":26},"end":{"line":86,"column":null}},"type":"binary-expr","locations":[{"start":{"line":86,"column":26},"end":{"line":86,"column":51}},{"start":{"line":86,"column":51},"end":{"line":86,"column":null}}],"line":86},"21":{"loc":{"start":{"line":87,"column":30},"end":{"line":87,"column":null}},"type":"binary-expr","locations":[{"start":{"line":87,"column":30},"end":{"line":87,"column":54}},{"start":{"line":87,"column":54},"end":{"line":87,"column":null}}],"line":87},"22":{"loc":{"start":{"line":89,"column":11},"end":{"line":89,"column":null}},"type":"binary-expr","locations":[{"start":{"line":89,"column":11},"end":{"line":89,"column":28}},{"start":{"line":89,"column":28},"end":{"line":89,"column":47}},{"start":{"line":89,"column":47},"end":{"line":89,"column":64}},{"start":{"line":89,"column":64},"end":{"line":89,"column":null}}],"line":89},"23":{"loc":{"start":{"line":96,"column":41},"end":{"line":96,"column":57}},"type":"default-arg","locations":[{"start":{"line":96,"column":49},"end":{"line":96,"column":57}}],"line":96},"24":{"loc":{"start":{"line":96,"column":57},"end":{"line":96,"column":79}},"type":"default-arg","locations":[{"start":{"line":96,"column":69},"end":{"line":96,"column":79}}],"line":96},"25":{"loc":{"start":{"line":98,"column":4},"end":{"line":98,"column":null}},"type":"if","locations":[{"start":{"line":98,"column":4},"end":{"line":98,"column":null}},{"start":{},"end":{}}],"line":98},"26":{"loc":{"start":{"line":98,"column":36},"end":{"line":98,"column":null}},"type":"cond-expr","locations":[{"start":{"line":98,"column":58},"end":{"line":98,"column":63}},{"start":{"line":98,"column":63},"end":{"line":98,"column":null}}],"line":98},"27":{"loc":{"start":{"line":99,"column":4},"end":{"line":99,"column":null}},"type":"if","locations":[{"start":{"line":99,"column":4},"end":{"line":99,"column":null}},{"start":{},"end":{}}],"line":99},"28":{"loc":{"start":{"line":99,"column":36},"end":{"line":99,"column":null}},"type":"cond-expr","locations":[{"start":{"line":99,"column":58},"end":{"line":99,"column":62}},{"start":{"line":99,"column":62},"end":{"line":99,"column":null}}],"line":99}},"s":{"0":4,"1":14,"2":0,"3":14,"4":14,"5":14,"6":8,"7":6,"8":2,"9":4,"10":4,"11":3,"12":0,"13":3,"14":3,"15":4,"16":1,"17":0,"18":1,"19":4,"20":3,"21":0,"22":3,"23":3,"24":4,"25":1,"26":1,"27":4,"28":1,"29":0,"30":1,"31":4,"32":3,"33":4,"34":10,"35":10,"36":16,"37":16,"38":16,"39":16,"40":16,"41":4,"42":10,"43":6,"44":1,"45":5,"46":5,"47":0,"48":4,"49":28,"50":45},"f":{"0":14,"1":3,"2":1,"3":3,"4":1,"5":1,"6":3,"7":10,"8":16,"9":10,"10":6,"11":28,"12":45},"b":{"0":[0,14],"1":[14,14],"2":[8,6],"3":[14,10],"4":[2,4],"5":[0,3],"6":[0,1],"7":[1,1,1],"8":[0,3],"9":[3],"10":[3],"11":[3],"12":[1,0],"13":[0,1],"14":[10],"15":[10],"16":[10],"17":[10],"18":[16,2],"19":[16,0],"20":[16,2],"21":[16,0],"22":[16,14,14,13],"23":[10],"24":[10],"25":[1,5],"26":[1,0],"27":[5,0],"28":[4,1]},"meta":{"lastBranch":29,"lastFunction":13,"lastStatement":51,"seen":{"s:9:13:16:Infinity":0,"f:9:13:9:31":0,"b:10:2:10:Infinity:undefined:undefined:undefined:undefined":0,"s:10:2:10:Infinity":1,"b:10:6:10:18:10:18:10:32":1,"s:10:32:10:Infinity":2,"s:11:18:11:Infinity":3,"s:12:27:12:Infinity":4,"b:13:2:13:Infinity:undefined:undefined:undefined:undefined":2,"s:13:2:13:Infinity":5,"b:13:6:13:21:13:21:13:43":3,"s:13:43:13:Infinity":6,"b:14:2:14:Infinity:undefined:undefined:undefined:undefined":4,"s:14:2:14:Infinity":7,"s:14:19:14:Infinity":8,"s:15:2:15:Infinity":9,"s:21:13:29:Infinity":10,"f:21:13:21:27":1,"b:22:2:22:Infinity:undefined:undefined:undefined:undefined":5,"s:22:2:22:Infinity":11,"s:22:19:22:Infinity":12,"s:23:15:23:Infinity":13,"s:24:2:28:Infinity":14,"s:35:13:38:Infinity":15,"f:35:13:35:37":2,"b:36:2:36:Infinity:undefined:undefined:undefined:undefined":6,"s:36:2:36:Infinity":16,"b:36:6:36:19:36:19:36:39:36:39:36:55":7,"s:36:55:36:Infinity":17,"s:37:2:37:Infinity":18,"s:43:13:47:Infinity":19,"f:43:13:43:32":3,"b:44:2:44:Infinity:undefined:undefined:undefined:undefined":8,"s:44:2:44:Infinity":20,"s:44:17:44:Infinity":21,"s:45:45:45:Infinity":22,"b:45:17:45:20":9,"b:45:27:45:30":10,"b:45:39:45:45":11,"s:46:2:46:Infinity":23,"s:52:13:59:Infinity":24,"f:52:13:52:35":4,"s:53:17:57:Infinity":25,"s:58:2:58:Infinity":26,"b:58:9:58:31:58:31:58:Infinity":12,"s:64:13:67:Infinity":27,"f:64:13:64:27":5,"b:65:2:65:Infinity:undefined:undefined:undefined:undefined":13,"s:65:2:65:Infinity":28,"s:65:12:65:Infinity":29,"s:66:2:66:Infinity":30,"s:72:13:74:Infinity":31,"f:72:13:72:32":6,"s:73:2:73:Infinity":32,"s:79:13:91:Infinity":33,"f:79:13:79:32":7,"s:80:89:80:Infinity":34,"b:80:23:80:27":14,"b:80:38:80:45":15,"b:80:59:80:66":16,"b:80:79:80:89":17,"s:82:2:90:Infinity":35,"f:82:19:82:27":8,"s:83:26:84:Infinity":36,"b:83:26:83:Infinity:84:6:84:Infinity":18,"s:85:28:85:Infinity":37,"b:85:28:85:50:85:50:85:Infinity":19,"s:86:26:86:Infinity":38,"b:86:26:86:51:86:51:86:Infinity":20,"s:87:30:87:Infinity":39,"b:87:30:87:54:87:54:87:Infinity":21,"s:89:4:89:Infinity":40,"b:89:11:89:28:89:28:89:47:89:47:89:64:89:64:89:Infinity":22,"s:96:13:102:Infinity":41,"f:96:13:96:30":9,"b:96:49:96:57":23,"b:96:69:96:79":24,"s:97:2:101:Infinity":42,"f:97:24:97:30":10,"b:98:4:98:Infinity:undefined:undefined:undefined:undefined":25,"s:98:4:98:Infinity":43,"s:98:29:98:Infinity":44,"b:98:58:98:63:98:63:98:Infinity":26,"b:99:4:99:Infinity:undefined:undefined:undefined:undefined":27,"s:99:4:99:Infinity":45,"s:99:29:99:Infinity":46,"b:99:58:99:62:99:62:99:Infinity":28,"s:100:4:100:Infinity":47,"s:107:13:109:Infinity":48,"f:107:13:107:32":11,"s:108:2:108:Infinity":49,"f:108:31:108:36":12,"s:108:49:108:64":50},"fnNames":{}}}
}
